<?xml version="1.0" encoding="UTF-8"?>
<coverage generated="1777861906325" clover="3.2.0">
  <project timestamp="1777861906325" name="All files">
    <metrics statements="510" coveredstatements="478" conditionals="404" coveredconditionals="330" methods="89" coveredmethods="84" elements="1003" coveredelements="892" complexity="0" loc="510" ncloc="510" packages="2" files="7" classes="7"/>
    <package name="src">
      <metrics statements="435" coveredstatements="404" conditionals="333" coveredconditionals="270" methods="64" coveredmethods="60"/>
      <file name="adapter.ts" path="E:\AI_Studio_Workspace\infrastructure\skills\browser-automation\src\adapter.ts">
        <metrics statements="101" coveredstatements="88" conditionals="80" coveredconditionals="53" methods="15" coveredmethods="12"/>
        <line num="44" count="2" type="stmt"/>
        <line num="47" count="2" type="stmt"/>
        <line num="96" count="2" type="stmt"/>
        <line num="102" count="47" type="stmt"/>
        <line num="103" count="47" type="stmt"/>
        <line num="104" count="47" type="cond" truecount="2" falsecount="0"/>
        <line num="135" count="42" type="stmt"/>
        <line num="136" count="42" type="stmt"/>
        <line num="139" count="42" type="stmt"/>
        <line num="140" count="42" type="stmt"/>
        <line num="147" count="8" type="cond" truecount="2" falsecount="0"/>
        <line num="148" count="2" type="stmt"/>
        <line num="154" count="6" type="stmt"/>
        <line num="159" count="34" type="stmt"/>
        <line num="160" count="34" type="stmt"/>
        <line num="167" count="2" type="cond" truecount="1" falsecount="1"/>
        <line num="168" count="0" type="stmt"/>
        <line num="174" count="2" type="stmt"/>
        <line num="179" count="32" type="cond" truecount="1" falsecount="1"/>
        <line num="180" count="32" type="stmt"/>
        <line num="181" count="32" type="stmt"/>
        <line num="188" count="32" type="stmt"/>
        <line num="189" count="32" type="stmt"/>
        <line num="192" count="32" type="cond" truecount="3" falsecount="1"/>
        <line num="194" count="10" type="stmt"/>
        <line num="203" count="10" type="cond" truecount="2" falsecount="0"/>
        <line num="204" count="8" type="stmt"/>
        <line num="207" count="2" type="cond" truecount="2" falsecount="0"/>
        <line num="208" count="1" type="stmt"/>
        <line num="211" count="1" type="stmt"/>
        <line num="220" count="12" type="cond" truecount="2" falsecount="0"/>
        <line num="221" count="11" type="stmt"/>
        <line num="224" count="1" type="stmt"/>
        <line num="232" count="0" type="stmt"/>
        <line num="254" count="6" type="stmt"/>
        <line num="256" count="6" type="stmt"/>
        <line num="257" count="6" type="stmt"/>
        <line num="263" count="0" type="stmt"/>
        <line num="270" count="6" type="stmt"/>
        <line num="271" count="6" type="stmt"/>
        <line num="273" count="6" type="cond" truecount="1" falsecount="1"/>
        <line num="274" count="0" type="stmt"/>
        <line num="277" count="6" type="stmt"/>
        <line num="278" count="6" type="cond" truecount="3" falsecount="1"/>
        <line num="280" count="2" type="stmt"/>
        <line num="281" count="1" type="stmt"/>
        <line num="283" count="2" type="stmt"/>
        <line num="287" count="1" type="stmt"/>
        <line num="289" count="2" type="cond" truecount="1" falsecount="1"/>
        <line num="290" count="1" type="stmt"/>
        <line num="292" count="0" type="stmt"/>
        <line num="297" count="0" type="stmt"/>
        <line num="300" count="3" type="stmt"/>
        <line num="305" count="3" type="stmt"/>
        <line num="313" count="6" type="stmt"/>
        <line num="331" count="8" type="stmt"/>
        <line num="332" count="8" type="stmt"/>
        <line num="352" count="6" type="cond" truecount="1" falsecount="1"/>
        <line num="354" count="6" type="cond" truecount="2" falsecount="0"/>
        <line num="356" count="1" type="cond" truecount="1" falsecount="1"/>
        <line num="357" count="1" type="stmt"/>
        <line num="363" count="0" type="stmt"/>
        <line num="371" count="5" type="stmt"/>
        <line num="378" count="2" type="cond" truecount="1" falsecount="1"/>
        <line num="379" count="2" type="stmt"/>
        <line num="385" count="0" type="stmt"/>
        <line num="409" count="23" type="cond" truecount="1" falsecount="1"/>
        <line num="410" count="0" type="stmt"/>
        <line num="419" count="23" type="stmt"/>
        <line num="420" count="23" type="stmt"/>
        <line num="431" count="21" type="stmt"/>
        <line num="432" count="21" type="cond" truecount="1" falsecount="1"/>
        <line num="433" count="0" type="stmt"/>
        <line num="442" count="21" type="cond" truecount="1" falsecount="1"/>
        <line num="443" count="0" type="stmt"/>
        <line num="444" count="0" type="stmt"/>
        <line num="454" count="21" type="stmt"/>
        <line num="466" count="2" type="stmt"/>
        <line num="482" count="59" type="cond" truecount="1" falsecount="1"/>
        <line num="483" count="59" type="stmt"/>
        <line num="485" count="59" type="stmt"/>
        <line num="486" count="59" type="stmt"/>
        <line num="487" count="236" type="stmt"/>
        <line num="488" count="236" type="cond" truecount="4" falsecount="0"/>
        <line num="489" count="59" type="stmt"/>
        <line num="493" count="59" type="cond" truecount="2" falsecount="0"/>
        <line num="494" count="29" type="stmt"/>
        <line num="495" count="48" type="stmt"/>
        <line num="496" count="48" type="cond" truecount="1" falsecount="1"/>
        <line num="500" count="59" type="stmt"/>
        <line num="510" count="42" type="stmt"/>
        <line num="540" count="113" type="stmt"/>
        <line num="541" count="113" type="stmt"/>
        <line num="542" count="7" type="stmt"/>
        <line num="545" count="113" type="stmt"/>
        <line num="547" count="104" type="stmt"/>
        <line num="548" count="104" type="stmt"/>
        <line num="551" count="7" type="stmt"/>
        <line num="552" count="7" type="stmt"/>
        <line num="562" count="0" type="stmt"/>
        <line num="570" count="2" type="stmt"/>
      </file>
      <file name="coverage-analyzer.ts" path="E:\AI_Studio_Workspace\infrastructure\skills\browser-automation\src\coverage-analyzer.ts">
        <metrics statements="80" coveredstatements="79" conditionals="68" coveredconditionals="66" methods="13" coveredmethods="13"/>
        <line num="32" count="3" type="stmt"/>
        <line num="35" count="3" type="stmt"/>
        <line num="41" count="3" type="stmt"/>
        <line num="52" count="3" type="stmt"/>
        <line num="80" count="3" type="stmt"/>
        <line num="83" count="3" type="stmt"/>
        <line num="102" count="3" type="stmt"/>
        <line num="106" count="61" type="stmt"/>
        <line num="109" count="61" type="cond" truecount="4" falsecount="0"/>
        <line num="110" count="16" type="stmt"/>
        <line num="121" count="45" type="stmt"/>
        <line num="122" count="45" type="cond" truecount="1" falsecount="1"/>
        <line num="131" count="45" type="cond" truecount="2" falsecount="0"/>
        <line num="136" count="6" type="stmt"/>
        <line num="149" count="39" type="stmt"/>
        <line num="155" count="39" type="stmt"/>
        <line num="156" count="39" type="cond" truecount="2" falsecount="0"/>
        <line num="159" count="39" type="cond" truecount="2" falsecount="0"/>
        <line num="164" count="39" type="stmt"/>
        <line num="167" count="39" type="stmt"/>
        <line num="173" count="39" type="stmt"/>
        <line num="175" count="39" type="stmt"/>
        <line num="197" count="40" type="stmt"/>
        <line num="199" count="515" type="stmt"/>
        <line num="200" count="40" type="cond" truecount="2" falsecount="0"/>
        <line num="202" count="26" type="cond" truecount="4" falsecount="0"/>
        <line num="203" count="24" type="stmt"/>
        <line num="210" count="547" type="cond" truecount="4" falsecount="0"/>
        <line num="211" count="540" type="stmt"/>
        <line num="212" count="540" type="cond" truecount="2" falsecount="0"/>
        <line num="213" count="64" type="stmt"/>
        <line num="214" count="495" type="stmt"/>
        <line num="217" count="540" type="stmt"/>
        <line num="224" count="448" type="cond" truecount="2" falsecount="0"/>
        <line num="225" count="442" type="stmt"/>
        <line num="228" count="442" type="cond" truecount="3" falsecount="0"/>
        <line num="232" count="442" type="cond" truecount="2" falsecount="0"/>
        <line num="234" count="442" type="cond" truecount="2" falsecount="0"/>
        <line num="235" count="56" type="stmt"/>
        <line num="236" count="406" type="stmt"/>
        <line num="240" count="442" type="stmt"/>
        <line num="248" count="27" type="stmt"/>
        <line num="249" count="27" type="cond" truecount="2" falsecount="0"/>
        <line num="257" count="17" type="stmt"/>
        <line num="258" count="86" type="stmt"/>
        <line num="268" count="4" type="stmt"/>
        <line num="270" count="4" type="stmt"/>
        <line num="279" count="4" type="stmt"/>
        <line num="280" count="18" type="stmt"/>
        <line num="281" count="18" type="cond" truecount="2" falsecount="0"/>
        <line num="283" count="2" type="stmt"/>
        <line num="287" count="2" type="stmt"/>
        <line num="295" count="417" type="cond" truecount="2" falsecount="0"/>
        <line num="298" count="412" type="stmt"/>
        <line num="299" count="412" type="stmt"/>
        <line num="300" count="2347" type="stmt"/>
        <line num="301" count="2347" type="cond" truecount="4" falsecount="0"/>
        <line num="302" count="25" type="stmt"/>
        <line num="307" count="387" type="cond" truecount="2" falsecount="0"/>
        <line num="308" count="374" type="stmt"/>
        <line num="311" count="341" type="stmt"/>
        <line num="323" count="46" type="cond" truecount="4" falsecount="0"/>
        <line num="324" count="6" type="stmt"/>
        <line num="328" count="40" type="cond" truecount="2" falsecount="0"/>
        <line num="330" count="15" type="cond" truecount="2" falsecount="0"/>
        <line num="331" count="11" type="stmt"/>
        <line num="334" count="4" type="stmt"/>
        <line num="338" count="25" type="cond" truecount="4" falsecount="0"/>
        <line num="339" count="2" type="stmt"/>
        <line num="343" count="23" type="cond" truecount="4" falsecount="0"/>
        <line num="344" count="13" type="stmt"/>
        <line num="348" count="10" type="cond" truecount="1" falsecount="1"/>
        <line num="349" count="0" type="stmt"/>
        <line num="352" count="10" type="stmt"/>
        <line num="360" count="3" type="stmt"/>
        <line num="361" count="3" type="stmt"/>
        <line num="362" count="3" type="stmt"/>
        <line num="363" count="3" type="stmt"/>
        <line num="364" count="3" type="stmt"/>
        <line num="365" count="3" type="stmt"/>
      </file>
      <file name="types.ts" path="E:\AI_Studio_Workspace\infrastructure\skills\browser-automation\src\types.ts">
        <metrics statements="8" coveredstatements="8" conditionals="3" coveredconditionals="3" methods="2" coveredmethods="2"/>
        <line num="16" count="48" type="stmt"/>
        <line num="34" count="2" type="stmt"/>
        <line num="35" count="48" type="stmt"/>
        <line num="42" count="48" type="cond" truecount="3" falsecount="0"/>
        <line num="44" count="1" type="stmt"/>
        <line num="46" count="46" type="stmt"/>
        <line num="48" count="1" type="stmt"/>
        <line num="62" count="2" type="stmt"/>
      </file>
      <file name="vlm-adapter.config.ts" path="E:\AI_Studio_Workspace\infrastructure\skills\browser-automation\src\vlm-adapter.config.ts">
        <metrics statements="12" coveredstatements="12" conditionals="13" coveredconditionals="9" methods="2" coveredmethods="2"/>
        <line num="14" count="3" type="stmt"/>
        <line num="19" count="3" type="stmt"/>
        <line num="26" count="3" type="stmt"/>
        <line num="52" count="3" type="stmt"/>
        <line num="61" count="3" type="stmt"/>
        <line num="77" count="3" type="stmt"/>
        <line num="101" count="3" type="stmt"/>
        <line num="105" count="14" type="cond" truecount="2" falsecount="0"/>
        <line num="113" count="14" type="stmt"/>
        <line num="132" count="3" type="stmt"/>
        <line num="135" count="8" type="cond" truecount="2" falsecount="0"/>
        <line num="136" count="8" type="stmt"/>
      </file>
      <file name="vlm-adapter.ts" path="E:\AI_Studio_Workspace\infrastructure\skills\browser-automation\src\vlm-adapter.ts">
        <metrics statements="208" coveredstatements="195" conditionals="163" coveredconditionals="137" methods="26" coveredmethods="26"/>
        <line num="18" count="3" type="stmt"/>
        <line num="48" count="3" type="stmt"/>
        <line num="52" count="26" type="stmt"/>
        <line num="74" count="26" type="cond" truecount="5" falsecount="0"/>
        <line num="75" count="6" type="stmt"/>
        <line num="78" count="20" type="stmt"/>
        <line num="79" count="20" type="stmt"/>
        <line num="85" count="20" type="stmt"/>
        <line num="86" count="20" type="stmt"/>
        <line num="87" count="20" type="stmt"/>
        <line num="88" count="20" type="stmt"/>
        <line num="89" count="20" type="stmt"/>
        <line num="92" count="20" type="stmt"/>
        <line num="93" count="20" type="cond" truecount="3" falsecount="1"/>
        <line num="94" count="0" type="stmt"/>
        <line num="95" count="0" type="stmt"/>
        <line num="96" count="0" type="stmt"/>
        <line num="98" count="0" type="cond" truecount="0" falsecount="4"/>
        <line num="100" count="0" type="stmt"/>
        <line num="101" count="0" type="stmt"/>
        <line num="102" count="0" type="stmt"/>
        <line num="103" count="0" type="stmt"/>
        <line num="104" count="0" type="stmt"/>
        <line num="109" count="20" type="cond" truecount="2" falsecount="0"/>
        <line num="110" count="3" type="stmt"/>
        <line num="113" count="3" type="cond" truecount="2" falsecount="0"/>
        <line num="114" count="15" type="stmt"/>
        <line num="116" count="15" type="stmt"/>
        <line num="117" count="15" type="stmt"/>
        <line num="119" count="3" type="stmt"/>
        <line num="122" count="20" type="stmt"/>
        <line num="123" count="20" type="cond" truecount="1" falsecount="1"/>
        <line num="127" count="20" type="stmt"/>
        <line num="144" count="26" type="cond" truecount="2" falsecount="0"/>
        <line num="146" count="12" type="stmt"/>
        <line num="147" count="12" type="stmt"/>
        <line num="148" count="12" type="stmt"/>
        <line num="149" count="12" type="stmt"/>
        <line num="156" count="20" type="cond" truecount="2" falsecount="0"/>
        <line num="157" count="6" type="stmt"/>
        <line num="158" count="6" type="stmt"/>
        <line num="159" count="6" type="stmt"/>
        <line num="160" count="6" type="stmt"/>
        <line num="168" count="38" type="cond" truecount="3" falsecount="1"/>
        <line num="169" count="38" type="stmt"/>
        <line num="187" count="3" type="stmt"/>
        <line num="195" count="40" type="stmt"/>
        <line num="196" count="40" type="stmt"/>
        <line num="197" count="40" type="stmt"/>
        <line num="198" count="40" type="stmt"/>
        <line num="199" count="40" type="stmt"/>
        <line num="200" count="40" type="stmt"/>
        <line num="201" count="40" type="stmt"/>
        <line num="203" count="40" type="stmt"/>
        <line num="205" count="40" type="cond" truecount="5" falsecount="0"/>
        <line num="206" count="4" type="stmt"/>
        <line num="219" count="36" type="stmt"/>
        <line num="220" count="36" type="stmt"/>
        <line num="221" count="36" type="cond" truecount="1" falsecount="1"/>
        <line num="222" count="29" type="stmt"/>
        <line num="224" count="7" type="stmt"/>
        <line num="226" count="7" type="stmt"/>
        <line num="230" count="36" type="stmt"/>
        <line num="231" count="36" type="cond" truecount="2" falsecount="0"/>
        <line num="232" count="6" type="stmt"/>
        <line num="233" count="6" type="stmt"/>
        <line num="245" count="30" type="cond" truecount="3" falsecount="1"/>
        <line num="246" count="0" type="stmt"/>
        <line num="259" count="30" type="stmt"/>
        <line num="260" count="30" type="stmt"/>
        <line num="261" count="30" type="stmt"/>
        <line num="262" count="30" type="cond" truecount="2" falsecount="0"/>
        <line num="263" count="4" type="stmt"/>
        <line num="267" count="30" type="cond" truecount="3" falsecount="0"/>
        <line num="268" count="30" type="cond" truecount="2" falsecount="0"/>
        <line num="269" count="15" type="stmt"/>
        <line num="270" count="15" type="stmt"/>
        <line num="272" count="15" type="stmt"/>
        <line num="276" count="30" type="cond" truecount="2" falsecount="0"/>
        <line num="277" count="30" type="cond" truecount="2" falsecount="0"/>
        <line num="278" count="1" type="stmt"/>
        <line num="281" count="30" type="cond" truecount="4" falsecount="0"/>
        <line num="283" count="30" type="stmt"/>
        <line num="300" count="43" type="stmt"/>
        <line num="301" count="43" type="cond" truecount="4" falsecount="0"/>
        <line num="302" count="27" type="stmt"/>
        <line num="305" count="16" type="stmt"/>
        <line num="306" count="16" type="cond" truecount="2" falsecount="0"/>
        <line num="307" count="1" type="stmt"/>
        <line num="310" count="15" type="stmt"/>
        <line num="311" count="15" type="cond" truecount="2" falsecount="0"/>
        <line num="312" count="14" type="stmt"/>
        <line num="313" count="14" type="cond" truecount="1" falsecount="1"/>
        <line num="314" count="14" type="stmt"/>
        <line num="321" count="7" type="stmt"/>
        <line num="322" count="7" type="stmt"/>
        <line num="323" count="7" type="stmt"/>
        <line num="326" count="7" type="stmt"/>
        <line num="332" count="7" type="cond" truecount="1" falsecount="1"/>
        <line num="333" count="7" type="stmt"/>
        <line num="335" count="0" type="stmt"/>
        <line num="346" count="30" type="stmt"/>
        <line num="347" count="30" type="stmt"/>
        <line num="350" count="30" type="stmt"/>
        <line num="351" count="55" type="cond" truecount="5" falsecount="0"/>
        <line num="352" count="9" type="stmt"/>
        <line num="357" count="30" type="stmt"/>
        <line num="358" count="61" type="cond" truecount="5" falsecount="0"/>
        <line num="359" count="47" type="stmt"/>
        <line num="360" count="47" type="stmt"/>
        <line num="362" count="47" type="cond" truecount="4" falsecount="0"/>
        <line num="363" count="1" type="stmt"/>
        <line num="364" count="46" type="cond" truecount="5" falsecount="0"/>
        <line num="365" count="1" type="stmt"/>
        <line num="366" count="45" type="cond" truecount="3" falsecount="1"/>
        <line num="367" count="0" type="stmt"/>
        <line num="368" count="45" type="cond" truecount="4" falsecount="0"/>
        <line num="369" count="1" type="stmt"/>
        <line num="370" count="44" type="cond" truecount="2" falsecount="2"/>
        <line num="371" count="0" type="stmt"/>
        <line num="375" count="47" type="cond" truecount="5" falsecount="0"/>
        <line num="376" count="1" type="stmt"/>
        <line num="381" count="30" type="stmt"/>
        <line num="392" count="36" type="stmt"/>
        <line num="395" count="36" type="stmt"/>
        <line num="417" count="36" type="stmt"/>
        <line num="418" count="600" type="cond" truecount="2" falsecount="0"/>
        <line num="419" count="6" type="stmt"/>
        <line num="423" count="30" type="stmt"/>
        <line num="441" count="3" type="stmt"/>
        <line num="447" count="12" type="stmt"/>
        <line num="448" count="12" type="stmt"/>
        <line num="449" count="12" type="stmt"/>
        <line num="467" count="9" type="stmt"/>
        <line num="468" count="9" type="stmt"/>
        <line num="469" count="9" type="stmt"/>
        <line num="470" count="9" type="stmt"/>
        <line num="471" count="9" type="stmt"/>
        <line num="472" count="8" type="stmt"/>
        <line num="473" count="8" type="stmt"/>
        <line num="475" count="8" type="stmt"/>
        <line num="476" count="13" type="stmt"/>
        <line num="478" count="13" type="stmt"/>
        <line num="479" count="11" type="stmt"/>
        <line num="482" count="11" type="stmt"/>
        <line num="484" count="11" type="cond" truecount="2" falsecount="0"/>
        <line num="485" count="2" type="stmt"/>
        <line num="488" count="9" type="cond" truecount="2" falsecount="0"/>
        <line num="489" count="4" type="stmt"/>
        <line num="500" count="5" type="stmt"/>
        <line num="501" count="5" type="stmt"/>
        <line num="504" count="5" type="cond" truecount="2" falsecount="0"/>
        <line num="506" count="2" type="stmt"/>
        <line num="509" count="2" type="stmt"/>
        <line num="523" count="5" type="cond" truecount="2" falsecount="0"/>
        <line num="525" count="1" type="stmt"/>
        <line num="527" count="1" type="stmt"/>
        <line num="531" count="1" type="stmt"/>
        <line num="532" count="1" type="stmt"/>
        <line num="542" count="5" type="cond" truecount="2" falsecount="0"/>
        <line num="543" count="4" type="stmt"/>
        <line num="546" count="4" type="stmt"/>
        <line num="548" count="4" type="cond" truecount="2" falsecount="0"/>
        <line num="549" count="2" type="stmt"/>
        <line num="552" count="2" type="cond" truecount="4" falsecount="0"/>
        <line num="554" count="1" type="stmt"/>
        <line num="555" count="1" type="stmt"/>
        <line num="558" count="1" type="cond" truecount="1" falsecount="1"/>
        <line num="559" count="1" type="stmt"/>
        <line num="565" count="2" type="stmt"/>
        <line num="576" count="8" type="cond" truecount="1" falsecount="1"/>
        <line num="580" count="8" type="stmt"/>
        <line num="582" count="14" type="stmt"/>
        <line num="583" count="14" type="cond" truecount="1" falsecount="1"/>
        <line num="584" count="14" type="cond" truecount="2" falsecount="0"/>
        <line num="585" count="14" type="cond" truecount="2" falsecount="0"/>
        <line num="586" count="14" type="stmt"/>
        <line num="590" count="8" type="stmt"/>
        <line num="606" count="4" type="stmt"/>
        <line num="609" count="4" type="cond" truecount="1" falsecount="1"/>
        <line num="610" count="4" type="cond" truecount="1" falsecount="1"/>
        <line num="611" count="4" type="cond" truecount="1" falsecount="1"/>
        <line num="614" count="4" type="cond" truecount="1" falsecount="1"/>
        <line num="615" count="4" type="cond" truecount="1" falsecount="1"/>
        <line num="618" count="4" type="stmt"/>
        <line num="619" count="4" type="cond" truecount="1" falsecount="1"/>
        <line num="621" count="4" type="stmt"/>
        <line num="628" count="5" type="stmt"/>
        <line num="644" count="3" type="stmt"/>
        <line num="649" count="8" type="stmt"/>
        <line num="650" count="8" type="stmt"/>
        <line num="667" count="6" type="cond" truecount="2" falsecount="0"/>
        <line num="670" count="6" type="cond" truecount="5" falsecount="0"/>
        <line num="671" count="1" type="stmt"/>
        <line num="677" count="5" type="stmt"/>
        <line num="696" count="3" type="stmt"/>
        <line num="704" count="23" type="cond" truecount="1" falsecount="0"/>
        <line num="709" count="23" type="cond" truecount="1" falsecount="0"/>
        <line num="710" count="23" type="cond" truecount="1" falsecount="0"/>
        <line num="711" count="23" type="cond" truecount="1" falsecount="0"/>
        <line num="719" count="18" type="stmt"/>
        <line num="721" count="18" type="cond" truecount="2" falsecount="0"/>
        <line num="722" count="3" type="stmt"/>
        <line num="725" count="15" type="stmt"/>
        <line num="732" count="2" type="stmt"/>
        <line num="743" count="2" type="stmt"/>
        <line num="754" count="1" type="stmt"/>
        <line num="762" count="18" type="stmt"/>
      </file>
      <file name="vlm-types.ts" path="E:\AI_Studio_Workspace\infrastructure\skills\browser-automation\src\vlm-types.ts">
        <metrics statements="26" coveredstatements="22" conditionals="6" coveredconditionals="2" methods="6" coveredmethods="5"/>
        <line num="184" count="3" type="stmt"/>
        <line num="188" count="13" type="stmt"/>
        <line num="190" count="13" type="stmt"/>
        <line num="192" count="13" type="stmt"/>
        <line num="193" count="13" type="stmt"/>
        <line num="198" count="3" type="stmt"/>
        <line num="203" count="0" type="stmt"/>
        <line num="204" count="0" type="stmt"/>
        <line num="205" count="0" type="cond" truecount="0" falsecount="2"/>
        <line num="206" count="0" type="cond" truecount="0" falsecount="2"/>
        <line num="211" count="3" type="stmt"/>
        <line num="213" count="3" type="stmt"/>
        <line num="214" count="3" type="stmt"/>
        <line num="219" count="3" type="stmt"/>
        <line num="221" count="6" type="stmt"/>
        <line num="222" count="6" type="stmt"/>
        <line num="227" count="3" type="stmt"/>
        <line num="229" count="2" type="stmt"/>
        <line num="230" count="2" type="stmt"/>
        <line num="235" count="3" type="stmt"/>
        <line num="246" count="2" type="stmt"/>
        <line num="251" count="2" type="stmt"/>
        <line num="252" count="2" type="stmt"/>
        <line num="253" count="2" type="cond" truecount="2" falsecount="0"/>
        <line num="292" count="3" type="stmt"/>
        <line num="301" count="3" type="stmt"/>
      </file>
    </package>
    <package name="src.__tests__.helpers">
      <metrics statements="75" coveredstatements="74" conditionals="71" coveredconditionals="60" methods="25" coveredmethods="24"/>
      <file name="mockToolRunner.ts" path="E:\AI_Studio_Workspace\infrastructure\skills\browser-automation\src\__tests__\helpers\mockToolRunner.ts">
        <metrics statements="75" coveredstatements="74" conditionals="71" coveredconditionals="60" methods="25" coveredmethods="24"/>
        <line num="71" count="3" type="stmt"/>
        <line num="103" count="3" type="stmt"/>
        <line num="112" count="3" type="stmt"/>
        <line num="136" count="3" type="stmt"/>
        <line num="139" count="47" type="stmt"/>
        <line num="150" count="47" type="cond" truecount="2" falsecount="0"/>
        <line num="156" count="146" type="cond" truecount="4" falsecount="0"/>
        <line num="158" count="7" type="stmt"/>
        <line num="160" count="139" type="stmt"/>
        <line num="169" count="146" type="cond" truecount="2" falsecount="0"/>
        <line num="181" count="114" type="cond" truecount="2" falsecount="0"/>
        <line num="182" count="7" type="cond" truecount="1" falsecount="1"/>
        <line num="183" count="7" type="stmt"/>
        <line num="184" count="7" type="cond" truecount="1" falsecount="1"/>
        <line num="187" count="107" type="stmt"/>
        <line num="199" count="114" type="stmt"/>
        <line num="202" count="47" type="stmt"/>
        <line num="204" count="48" type="cond" truecount="2" falsecount="0"/>
        <line num="205" count="48" type="stmt"/>
        <line num="206" count="48" type="stmt"/>
        <line num="215" count="34" type="cond" truecount="2" falsecount="0"/>
        <line num="217" count="34" type="cond" truecount="2" falsecount="0"/>
        <line num="218" count="34" type="stmt"/>
        <line num="227" count="32" type="cond" truecount="2" falsecount="0"/>
        <line num="228" count="32" type="cond" truecount="2" falsecount="0"/>
        <line num="229" count="1" type="cond" truecount="1" falsecount="1"/>
        <line num="232" count="1" type="stmt"/>
        <line num="234" count="31" type="cond" truecount="2" falsecount="0"/>
        <line num="238" count="9" type="cond" truecount="2" falsecount="0"/>
        <line num="239" count="9" type="stmt"/>
        <line num="248" count="23" type="cond" truecount="2" falsecount="0"/>
        <line num="249" count="23" type="stmt"/>
        <line num="258" count="2" type="cond" truecount="1" falsecount="1"/>
        <line num="259" count="2" type="cond" truecount="2" falsecount="0"/>
        <line num="260" count="1" type="cond" truecount="1" falsecount="1"/>
        <line num="263" count="1" type="stmt"/>
        <line num="265" count="1" type="stmt"/>
        <line num="269" count="2" type="cond" truecount="1" falsecount="1"/>
        <line num="270" count="2" type="cond" truecount="2" falsecount="0"/>
        <line num="271" count="1" type="cond" truecount="1" falsecount="1"/>
        <line num="274" count="1" type="stmt"/>
        <line num="276" count="1" type="stmt"/>
        <line num="280" count="2" type="cond" truecount="1" falsecount="1"/>
        <line num="281" count="2" type="cond" truecount="2" falsecount="0"/>
        <line num="282" count="1" type="cond" truecount="1" falsecount="1"/>
        <line num="285" count="1" type="stmt"/>
        <line num="287" count="1" type="stmt"/>
        <line num="291" count="47" type="stmt"/>
        <line num="301" count="3" type="stmt"/>
        <line num="305" count="11" type="stmt"/>
        <line num="306" count="11" type="stmt"/>
        <line num="307" count="313" type="stmt"/>
        <line num="313" count="11" type="stmt"/>
        <line num="331" count="3" type="stmt"/>
        <line num="335" count="1" type="stmt"/>
        <line num="337" count="1" type="stmt"/>
        <line num="338" count="6" type="stmt"/>
        <line num="341" count="1" type="stmt"/>
        <line num="342" count="3" type="stmt"/>
        <line num="349" count="1" type="stmt"/>
        <line num="366" count="3" type="stmt"/>
        <line num="369" count="9" type="stmt"/>
        <line num="374" count="9" type="stmt"/>
        <line num="391" count="3" type="stmt"/>
        <line num="399" count="3" type="stmt"/>
        <line num="409" count="3" type="stmt"/>
        <line num="410" count="8" type="stmt"/>
        <line num="411" count="8" type="stmt"/>
        <line num="412" count="1350" type="stmt"/>
        <line num="414" count="8" type="stmt"/>
        <line num="415" count="8" type="stmt"/>
        <line num="421" count="3" type="stmt"/>
        <line num="422" count="7" type="stmt"/>
        <line num="432" count="3" type="stmt"/>
        <line num="433" count="0" type="stmt"/>
      </file>
    </package>
  </project>
</coverage>
