<?xml version="1.0" encoding="UTF-8"?>
<coverage generated="1777819625084" clover="3.2.0">
  <project timestamp="1777819625084" name="All files">
    <metrics statements="255" coveredstatements="155" conditionals="162" coveredconditionals="70" methods="55" coveredmethods="34" elements="472" coveredelements="259" complexity="0" loc="255" ncloc="255" packages="2" files="4" classes="4"/>
    <package name="src">
      <metrics statements="180" coveredstatements="120" conditionals="105" coveredconditionals="51" methods="30" coveredmethods="22"/>
      <file name="adapter.ts" path="E:\AI_Studio_Workspace\src\adapter.ts">
        <metrics statements="92" coveredstatements="48" conditionals="53" coveredconditionals="19" methods="15" coveredmethods="9"/>
        <line num="44" count="1" type="stmt"/>
        <line num="93" count="1" type="stmt"/>
        <line num="97" count="7" type="stmt"/>
        <line num="128" count="7" type="stmt"/>
        <line num="129" count="7" type="stmt"/>
        <line num="132" count="7" type="stmt"/>
        <line num="133" count="7" type="stmt"/>
        <line num="140" count="0" type="cond" truecount="0" falsecount="1"/>
        <line num="141" count="0" type="stmt"/>
        <line num="147" count="0" type="stmt"/>
        <line num="152" count="7" type="stmt"/>
        <line num="153" count="7" type="stmt"/>
        <line num="160" count="0" type="cond" truecount="0" falsecount="1"/>
        <line num="161" count="0" type="stmt"/>
        <line num="167" count="0" type="stmt"/>
        <line num="172" count="7" type="cond" truecount="1" falsecount="0"/>
        <line num="173" count="7" type="stmt"/>
        <line num="174" count="7" type="stmt"/>
        <line num="181" count="7" type="stmt"/>
        <line num="182" count="7" type="stmt"/>
        <line num="185" count="7" type="cond" truecount="3" falsecount="1"/>
        <line num="187" count="2" type="stmt"/>
        <line num="196" count="2" type="cond" truecount="1" falsecount="0"/>
        <line num="197" count="2" type="stmt"/>
        <line num="200" count="0" type="cond" truecount="0" falsecount="1"/>
        <line num="201" count="0" type="stmt"/>
        <line num="204" count="0" type="stmt"/>
        <line num="213" count="3" type="cond" truecount="1" falsecount="0"/>
        <line num="214" count="3" type="stmt"/>
        <line num="217" count="0" type="stmt"/>
        <line num="225" count="0" type="stmt"/>
        <line num="247" count="0" type="stmt"/>
        <line num="249" count="0" type="stmt"/>
        <line num="250" count="0" type="stmt"/>
        <line num="256" count="0" type="stmt"/>
        <line num="263" count="0" type="stmt"/>
        <line num="264" count="0" type="stmt"/>
        <line num="266" count="0" type="cond" truecount="0" falsecount="1"/>
        <line num="267" count="0" type="stmt"/>
        <line num="270" count="0" type="stmt"/>
        <line num="271" count="0" type="cond" truecount="0" falsecount="4"/>
        <line num="273" count="0" type="stmt"/>
        <line num="274" count="0" type="stmt"/>
        <line num="276" count="0" type="stmt"/>
        <line num="280" count="0" type="stmt"/>
        <line num="282" count="0" type="cond" truecount="0" falsecount="2"/>
        <line num="283" count="0" type="stmt"/>
        <line num="285" count="0" type="stmt"/>
        <line num="290" count="0" type="stmt"/>
        <line num="293" count="0" type="stmt"/>
        <line num="298" count="0" type="stmt"/>
        <line num="306" count="0" type="stmt"/>
        <line num="324" count="2" type="stmt"/>
        <line num="325" count="2" type="stmt"/>
        <line num="345" count="2" type="cond" truecount="1" falsecount="1"/>
        <line num="347" count="2" type="cond" truecount="0" falsecount="1"/>
        <line num="349" count="0" type="cond" truecount="0" falsecount="1"/>
        <line num="350" count="0" type="stmt"/>
        <line num="356" count="0" type="stmt"/>
        <line num="364" count="2" type="stmt"/>
        <line num="371" count="0" type="cond" truecount="0" falsecount="1"/>
        <line num="372" count="0" type="stmt"/>
        <line num="378" count="0" type="stmt"/>
        <line num="399" count="3" type="cond" truecount="0" falsecount="1"/>
        <line num="400" count="0" type="stmt"/>
        <line num="409" count="3" type="stmt"/>
        <line num="410" count="3" type="stmt"/>
        <line num="421" count="3" type="stmt"/>
        <line num="428" count="0" type="stmt"/>
        <line num="444" count="13" type="cond" truecount="0" falsecount="1"/>
        <line num="445" count="13" type="stmt"/>
        <line num="447" count="13" type="stmt"/>
        <line num="448" count="13" type="stmt"/>
        <line num="449" count="52" type="stmt"/>
        <line num="450" count="52" type="cond" truecount="3" falsecount="0"/>
        <line num="451" count="13" type="stmt"/>
        <line num="455" count="13" type="cond" truecount="1" falsecount="0"/>
        <line num="456" count="6" type="stmt"/>
        <line num="457" count="11" type="stmt"/>
        <line num="458" count="11" type="cond" truecount="1" falsecount="0"/>
        <line num="462" count="13" type="stmt"/>
        <line num="472" count="7" type="stmt"/>
        <line num="501" count="19" type="stmt"/>
        <line num="502" count="19" type="stmt"/>
        <line num="503" count="0" type="stmt"/>
        <line num="506" count="19" type="stmt"/>
        <line num="508" count="19" type="stmt"/>
        <line num="509" count="19" type="stmt"/>
        <line num="512" count="0" type="stmt"/>
        <line num="513" count="0" type="stmt"/>
        <line num="523" count="0" type="stmt"/>
        <line num="531" count="1" type="stmt"/>
      </file>
      <file name="coverage-analyzer.ts" path="E:\AI_Studio_Workspace\src\coverage-analyzer.ts">
        <metrics statements="80" coveredstatements="66" conditionals="49" coveredconditionals="31" methods="13" coveredmethods="11"/>
        <line num="32" count="1" type="stmt"/>
        <line num="35" count="1" type="stmt"/>
        <line num="41" count="1" type="stmt"/>
        <line num="52" count="1" type="stmt"/>
        <line num="80" count="1" type="stmt"/>
        <line num="83" count="1" type="stmt"/>
        <line num="102" count="1" type="stmt"/>
        <line num="106" count="7" type="stmt"/>
        <line num="109" count="7" type="cond" truecount="2" falsecount="1"/>
        <line num="110" count="0" type="stmt"/>
        <line num="121" count="7" type="stmt"/>
        <line num="122" count="7" type="cond" truecount="1" falsecount="1"/>
        <line num="131" count="7" type="cond" truecount="1" falsecount="0"/>
        <line num="136" count="3" type="stmt"/>
        <line num="149" count="4" type="stmt"/>
        <line num="155" count="4" type="stmt"/>
        <line num="156" count="4" type="cond" truecount="1" falsecount="1"/>
        <line num="159" count="4" type="cond" truecount="1" falsecount="1"/>
        <line num="164" count="4" type="stmt"/>
        <line num="167" count="4" type="stmt"/>
        <line num="173" count="4" type="stmt"/>
        <line num="175" count="4" type="stmt"/>
        <line num="197" count="5" type="stmt"/>
        <line num="199" count="85" type="stmt"/>
        <line num="200" count="5" type="cond" truecount="0" falsecount="1"/>
        <line num="202" count="5" type="cond" truecount="1" falsecount="2"/>
        <line num="203" count="5" type="stmt"/>
        <line num="210" count="22" type="cond" truecount="2" falsecount="1"/>
        <line num="211" count="22" type="stmt"/>
        <line num="212" count="22" type="cond" truecount="1" falsecount="0"/>
        <line num="213" count="9" type="stmt"/>
        <line num="214" count="15" type="stmt"/>
        <line num="217" count="22" type="stmt"/>
        <line num="224" count="18" type="cond" truecount="0" falsecount="1"/>
        <line num="225" count="18" type="stmt"/>
        <line num="228" count="18" type="cond" truecount="3" falsecount="0"/>
        <line num="232" count="18" type="cond" truecount="0" falsecount="1"/>
        <line num="234" count="18" type="cond" truecount="1" falsecount="0"/>
        <line num="235" count="8" type="stmt"/>
        <line num="236" count="14" type="stmt"/>
        <line num="240" count="18" type="stmt"/>
        <line num="248" count="5" type="stmt"/>
        <line num="249" count="5" type="cond" truecount="1" falsecount="1"/>
        <line num="257" count="5" type="stmt"/>
        <line num="258" count="17" type="stmt"/>
        <line num="268" count="0" type="stmt"/>
        <line num="270" count="0" type="stmt"/>
        <line num="279" count="0" type="stmt"/>
        <line num="280" count="0" type="stmt"/>
        <line num="281" count="0" type="cond" truecount="0" falsecount="1"/>
        <line num="283" count="0" type="stmt"/>
        <line num="287" count="0" type="stmt"/>
        <line num="295" count="13" type="cond" truecount="0" falsecount="1"/>
        <line num="298" count="13" type="stmt"/>
        <line num="299" count="13" type="stmt"/>
        <line num="300" count="58" type="stmt"/>
        <line num="301" count="58" type="cond" truecount="3" falsecount="0"/>
        <line num="302" count="4" type="stmt"/>
        <line num="307" count="9" type="cond" truecount="1" falsecount="0"/>
        <line num="308" count="9" type="stmt"/>
        <line num="311" count="3" type="stmt"/>
        <line num="323" count="4" type="cond" truecount="1" falsecount="2"/>
        <line num="324" count="0" type="stmt"/>
        <line num="328" count="4" type="cond" truecount="1" falsecount="0"/>
        <line num="330" count="2" type="cond" truecount="1" falsecount="0"/>
        <line num="331" count="2" type="stmt"/>
        <line num="334" count="0" type="stmt"/>
        <line num="338" count="2" type="cond" truecount="1" falsecount="2"/>
        <line num="339" count="0" type="stmt"/>
        <line num="343" count="2" type="cond" truecount="3" falsecount="0"/>
        <line num="344" count="2" type="stmt"/>
        <line num="348" count="0" type="cond" truecount="0" falsecount="1"/>
        <line num="349" count="0" type="stmt"/>
        <line num="352" count="0" type="stmt"/>
        <line num="360" count="1" type="stmt"/>
        <line num="361" count="1" type="stmt"/>
        <line num="362" count="1" type="stmt"/>
        <line num="363" count="1" type="stmt"/>
        <line num="364" count="1" type="stmt"/>
        <line num="365" count="1" type="stmt"/>
      </file>
      <file name="types.ts" path="E:\AI_Studio_Workspace\src\types.ts">
        <metrics statements="8" coveredstatements="6" conditionals="3" coveredconditionals="1" methods="2" coveredmethods="2"/>
        <line num="16" count="7" type="stmt"/>
        <line num="34" count="1" type="stmt"/>
        <line num="35" count="7" type="stmt"/>
        <line num="42" count="7" type="cond" truecount="1" falsecount="2"/>
        <line num="44" count="0" type="stmt"/>
        <line num="46" count="7" type="stmt"/>
        <line num="48" count="0" type="stmt"/>
        <line num="62" count="1" type="stmt"/>
      </file>
    </package>
    <package name="src.__tests__.helpers">
      <metrics statements="75" coveredstatements="35" conditionals="57" coveredconditionals="19" methods="25" coveredmethods="12"/>
      <file name="mockToolRunner.ts" path="E:\AI_Studio_Workspace\src\__tests__\helpers\mockToolRunner.ts">
        <metrics statements="75" coveredstatements="35" conditionals="57" coveredconditionals="19" methods="25" coveredmethods="12"/>
        <line num="71" count="1" type="stmt"/>
        <line num="103" count="1" type="stmt"/>
        <line num="112" count="1" type="stmt"/>
        <line num="136" count="1" type="stmt"/>
        <line num="139" count="7" type="stmt"/>
        <line num="150" count="7" type="cond" truecount="2" falsecount="0"/>
        <line num="156" count="26" type="cond" truecount="1" falsecount="2"/>
        <line num="158" count="0" type="stmt"/>
        <line num="160" count="26" type="stmt"/>
        <line num="169" count="26" type="cond" truecount="2" falsecount="0"/>
        <line num="181" count="19" type="cond" truecount="0" falsecount="1"/>
        <line num="182" count="0" type="cond" truecount="0" falsecount="2"/>
        <line num="183" count="0" type="stmt"/>
        <line num="184" count="0" type="cond" truecount="0" falsecount="2"/>
        <line num="187" count="19" type="stmt"/>
        <line num="199" count="19" type="stmt"/>
        <line num="202" count="7" type="stmt"/>
        <line num="204" count="7" type="cond" truecount="0" falsecount="1"/>
        <line num="205" count="7" type="stmt"/>
        <line num="206" count="7" type="stmt"/>
        <line num="215" count="7" type="cond" truecount="0" falsecount="1"/>
        <line num="217" count="7" type="cond" truecount="1" falsecount="1"/>
        <line num="218" count="7" type="stmt"/>
        <line num="227" count="7" type="cond" truecount="0" falsecount="1"/>
        <line num="228" count="7" type="cond" truecount="0" falsecount="1"/>
        <line num="229" count="0" type="cond" truecount="0" falsecount="2"/>
        <line num="232" count="0" type="stmt"/>
        <line num="234" count="7" type="cond" truecount="2" falsecount="0"/>
        <line num="238" count="2" type="cond" truecount="0" falsecount="1"/>
        <line num="239" count="2" type="stmt"/>
        <line num="248" count="3" type="cond" truecount="0" falsecount="1"/>
        <line num="249" count="3" type="stmt"/>
        <line num="258" count="0" type="cond" truecount="0" falsecount="1"/>
        <line num="259" count="0" type="cond" truecount="0" falsecount="1"/>
        <line num="260" count="0" type="cond" truecount="0" falsecount="2"/>
        <line num="263" count="0" type="stmt"/>
        <line num="265" count="0" type="stmt"/>
        <line num="269" count="0" type="cond" truecount="0" falsecount="1"/>
        <line num="270" count="0" type="cond" truecount="0" falsecount="1"/>
        <line num="271" count="0" type="cond" truecount="0" falsecount="2"/>
        <line num="274" count="0" type="stmt"/>
        <line num="276" count="0" type="stmt"/>
        <line num="280" count="0" type="cond" truecount="0" falsecount="1"/>
        <line num="281" count="0" type="cond" truecount="0" falsecount="1"/>
        <line num="282" count="0" type="cond" truecount="0" falsecount="2"/>
        <line num="285" count="0" type="stmt"/>
        <line num="287" count="0" type="stmt"/>
        <line num="291" count="7" type="stmt"/>
        <line num="301" count="1" type="stmt"/>
        <line num="305" count="0" type="stmt"/>
        <line num="306" count="0" type="stmt"/>
        <line num="307" count="0" type="stmt"/>
        <line num="313" count="0" type="stmt"/>
        <line num="331" count="1" type="stmt"/>
        <line num="335" count="0" type="stmt"/>
        <line num="337" count="0" type="stmt"/>
        <line num="338" count="0" type="stmt"/>
        <line num="341" count="0" type="stmt"/>
        <line num="342" count="0" type="stmt"/>
        <line num="349" count="0" type="stmt"/>
        <line num="366" count="1" type="stmt"/>
        <line num="369" count="0" type="stmt"/>
        <line num="374" count="0" type="stmt"/>
        <line num="391" count="1" type="stmt"/>
        <line num="399" count="1" type="stmt"/>
        <line num="409" count="1" type="stmt"/>
        <line num="410" count="0" type="stmt"/>
        <line num="411" count="0" type="stmt"/>
        <line num="412" count="0" type="stmt"/>
        <line num="414" count="0" type="stmt"/>
        <line num="415" count="0" type="stmt"/>
        <line num="421" count="1" type="stmt"/>
        <line num="422" count="0" type="stmt"/>
        <line num="432" count="1" type="stmt"/>
        <line num="433" count="0" type="stmt"/>
      </file>
    </package>
  </project>
</coverage>
