TN:
SF:src\adapter.ts
FN:96,(anonymous_0)
FN:124,(anonymous_1)
FN:242,(anonymous_2)
FN:256,(anonymous_3)
FN:319,(anonymous_4)
FN:392,(anonymous_5)
FN:443,(anonymous_6)
FN:468,(anonymous_7)
FN:496,(anonymous_8)
FN:501,(anonymous_9)
FN:502,(anonymous_10)
FN:507,(anonymous_11)
FN:511,(anonymous_12)
FN:522,(anonymous_13)
FN:523,(anonymous_14)
FNF:15
FNH:9
FNDA:7,(anonymous_0)
FNDA:7,(anonymous_1)
FNDA:0,(anonymous_2)
FNDA:0,(anonymous_3)
FNDA:2,(anonymous_4)
FNDA:3,(anonymous_5)
FNDA:13,(anonymous_6)
FNDA:7,(anonymous_7)
FNDA:19,(anonymous_8)
FNDA:19,(anonymous_9)
FNDA:0,(anonymous_10)
FNDA:19,(anonymous_11)
FNDA:0,(anonymous_12)
FNDA:0,(anonymous_13)
FNDA:0,(anonymous_14)
DA:44,1
DA:93,1
DA:97,7
DA:128,7
DA:129,7
DA:132,7
DA:133,7
DA:140,0
DA:141,0
DA:147,0
DA:152,7
DA:153,7
DA:160,0
DA:161,0
DA:167,0
DA:172,7
DA:173,7
DA:174,7
DA:181,7
DA:182,7
DA:185,7
DA:187,2
DA:196,2
DA:197,2
DA:200,0
DA:201,0
DA:204,0
DA:213,3
DA:214,3
DA:217,0
DA:225,0
DA:247,0
DA:249,0
DA:250,0
DA:256,0
DA:263,0
DA:264,0
DA:266,0
DA:267,0
DA:270,0
DA:271,0
DA:273,0
DA:274,0
DA:276,0
DA:280,0
DA:282,0
DA:283,0
DA:285,0
DA:290,0
DA:293,0
DA:298,0
DA:306,0
DA:324,2
DA:325,2
DA:345,2
DA:347,2
DA:349,0
DA:350,0
DA:356,0
DA:364,2
DA:371,0
DA:372,0
DA:378,0
DA:399,3
DA:400,0
DA:409,3
DA:410,3
DA:421,3
DA:428,0
DA:444,13
DA:445,13
DA:447,13
DA:448,13
DA:449,52
DA:450,52
DA:451,13
DA:455,13
DA:456,6
DA:457,11
DA:458,11
DA:462,13
DA:472,7
DA:501,19
DA:502,19
DA:503,0
DA:506,19
DA:508,19
DA:509,19
DA:512,0
DA:513,0
DA:523,0
DA:531,1
LF:92
LH:48
BRDA:135,0,0,7
BRDA:135,0,1,0
BRDA:140,1,0,0
BRDA:154,2,0,7
BRDA:154,2,1,0
BRDA:155,3,0,7
BRDA:155,3,1,0
BRDA:160,4,0,0
BRDA:172,5,0,7
BRDA:185,6,0,2
BRDA:185,6,1,2
BRDA:185,6,2,3
BRDA:185,6,3,0
BRDA:196,7,0,2
BRDA:200,8,0,0
BRDA:213,9,0,3
BRDA:252,10,0,0
BRDA:252,10,1,0
BRDA:266,11,0,0
BRDA:271,12,0,0
BRDA:271,12,1,0
BRDA:271,12,2,0
BRDA:271,12,3,0
BRDA:278,13,0,0
BRDA:278,13,1,0
BRDA:282,14,0,0
BRDA:282,14,1,0
BRDA:341,15,0,2
BRDA:341,15,1,0
BRDA:345,16,0,2
BRDA:345,16,1,0
BRDA:347,17,0,0
BRDA:349,18,0,0
BRDA:351,19,0,0
BRDA:351,19,1,0
BRDA:371,20,0,0
BRDA:373,21,0,0
BRDA:373,21,1,0
BRDA:399,22,0,0
BRDA:401,23,0,0
BRDA:401,23,1,0
BRDA:417,24,0,3
BRDA:417,24,1,0
BRDA:425,25,0,0
BRDA:425,25,1,3
BRDA:444,26,0,0
BRDA:450,27,0,13
BRDA:450,28,0,52
BRDA:450,28,1,13
BRDA:455,29,0,6
BRDA:458,30,0,11
BRDA:479,31,0,7
BRDA:479,31,1,0
BRF:53
BRH:19
end_of_record
TN:
SF:src\coverage-analyzer.ts
FN:102,analyzeCoverage
FN:196,detectAnticrawl
FN:199,(anonymous_2)
FN:209,countAxNodes
FN:223,countHiddenNodes
FN:246,estimateDomFromHtml
FN:256,detectSpaLoading
FN:258,(anonymous_7)
FN:267,isRobotInAntiCrawlContext
FN:279,(anonymous_9)
FN:294,detectTextContent
FN:308,(anonymous_11)
FN:317,recommendStrategy
FNF:13
FNH:11
FNDA:7,analyzeCoverage
FNDA:5,detectAnticrawl
FNDA:85,(anonymous_2)
FNDA:22,countAxNodes
FNDA:18,countHiddenNodes
FNDA:5,estimateDomFromHtml
FNDA:5,detectSpaLoading
FNDA:17,(anonymous_7)
FNDA:0,isRobotInAntiCrawlContext
FNDA:0,(anonymous_9)
FNDA:13,detectTextContent
FNDA:9,(anonymous_11)
FNDA:4,recommendStrategy
DA:32,1
DA:35,1
DA:41,1
DA:52,1
DA:80,1
DA:83,1
DA:102,1
DA:106,7
DA:109,7
DA:110,0
DA:121,7
DA:122,7
DA:131,7
DA:136,3
DA:149,4
DA:155,4
DA:156,4
DA:159,4
DA:164,4
DA:167,4
DA:173,4
DA:175,4
DA:197,5
DA:199,85
DA:200,5
DA:202,5
DA:203,5
DA:210,22
DA:211,22
DA:212,22
DA:213,9
DA:214,15
DA:217,22
DA:224,18
DA:225,18
DA:228,18
DA:232,18
DA:234,18
DA:235,8
DA:236,14
DA:240,18
DA:248,5
DA:249,5
DA:257,5
DA:258,17
DA:268,0
DA:270,0
DA:279,0
DA:280,0
DA:281,0
DA:283,0
DA:287,0
DA:295,13
DA:298,13
DA:299,13
DA:300,58
DA:301,58
DA:302,4
DA:307,9
DA:308,9
DA:311,3
DA:323,4
DA:324,0
DA:328,4
DA:330,2
DA:331,2
DA:334,0
DA:338,2
DA:339,0
DA:343,2
DA:344,2
DA:348,0
DA:349,0
DA:352,0
DA:360,1
DA:361,1
DA:362,1
DA:363,1
DA:364,1
DA:365,1
LF:80
LH:66
BRDA:109,0,0,0
BRDA:109,1,0,7
BRDA:109,1,1,5
BRDA:122,2,0,7
BRDA:122,2,1,0
BRDA:131,3,0,3
BRDA:132,4,0,7
BRDA:132,4,1,5
BRDA:132,4,2,5
BRDA:151,5,0,2
BRDA:151,5,1,2
BRDA:156,6,0,4
BRDA:156,6,1,0
BRDA:159,7,0,4
BRDA:159,7,1,0
BRDA:200,8,0,0
BRDA:202,9,0,0
BRDA:202,10,0,5
BRDA:202,10,1,0
BRDA:210,11,0,0
BRDA:210,12,0,22
BRDA:210,12,1,22
BRDA:212,13,0,9
BRDA:224,14,0,0
BRDA:228,15,0,18
BRDA:228,15,1,18
BRDA:228,15,2,18
BRDA:232,16,0,0
BRDA:234,17,0,8
BRDA:249,18,0,5
BRDA:249,18,1,0
BRDA:281,19,0,0
BRDA:295,20,0,0
BRDA:301,21,0,4
BRDA:301,22,0,58
BRDA:301,22,1,13
BRDA:307,23,0,6
BRDA:323,24,0,0
BRDA:323,25,0,4
BRDA:323,25,1,0
BRDA:328,26,0,2
BRDA:330,27,0,2
BRDA:338,28,0,0
BRDA:338,29,0,2
BRDA:338,29,1,0
BRDA:343,30,0,2
BRDA:343,31,0,2
BRDA:343,31,1,2
BRDA:348,32,0,0
BRF:49
BRH:31
end_of_record
TN:
SF:src\types.ts
FN:15,createCausationId
FN:34,createDefaultContext
FNF:2
FNH:2
FNDA:7,createCausationId
FNDA:7,createDefaultContext
DA:16,7
DA:34,1
DA:35,7
DA:42,7
DA:44,0
DA:46,7
DA:48,0
DA:62,1
LF:8
LH:6
BRDA:42,0,0,0
BRDA:42,0,1,7
BRDA:42,0,2,0
BRF:3
BRH:1
end_of_record
TN:
SF:src\__tests__\helpers\mockToolRunner.ts
FN:136,createMockRunner
FN:155,delay
FN:158,(anonymous_2)
FN:166,getEffectiveDelay
FN:175,outcome
FN:183,(anonymous_5)
FN:187,(anonymous_6)
FN:193,outcomeWithDelay
FN:203,(anonymous_8)
FN:214,(anonymous_9)
FN:226,(anonymous_10)
FN:232,(anonymous_11)
FN:234,(anonymous_12)
FN:237,(anonymous_13)
FN:247,(anonymous_14)
FN:257,(anonymous_15)
FN:268,(anonymous_16)
FN:279,(anonymous_17)
FN:301,makeSnapshotWithNodeCount
FN:331,makeSnapshotWithHidden
FN:366,makeSnapshotWithText
FN:369,(anonymous_21)
FN:409,makeHtmlWithTagCount
FN:421,makeAntiCrawlHtml
FN:432,makeSpaLoadingHtml
FNF:25
FNH:12
FNDA:7,createMockRunner
FNDA:26,delay
FNDA:0,(anonymous_2)
FNDA:26,getEffectiveDelay
FNDA:19,outcome
FNDA:0,(anonymous_5)
FNDA:19,(anonymous_6)
FNDA:19,outcomeWithDelay
FNDA:7,(anonymous_8)
FNDA:7,(anonymous_9)
FNDA:7,(anonymous_10)
FNDA:0,(anonymous_11)
FNDA:7,(anonymous_12)
FNDA:2,(anonymous_13)
FNDA:3,(anonymous_14)
FNDA:0,(anonymous_15)
FNDA:0,(anonymous_16)
FNDA:0,(anonymous_17)
FNDA:0,makeSnapshotWithNodeCount
FNDA:0,makeSnapshotWithHidden
FNDA:0,makeSnapshotWithText
FNDA:0,(anonymous_21)
FNDA:0,makeHtmlWithTagCount
FNDA:0,makeAntiCrawlHtml
FNDA:0,makeSpaLoadingHtml
DA:71,1
DA:103,1
DA:112,1
DA:136,1
DA:139,7
DA:150,7
DA:156,26
DA:158,0
DA:160,26
DA:169,26
DA:181,19
DA:182,0
DA:183,0
DA:184,0
DA:187,19
DA:199,19
DA:202,7
DA:204,7
DA:205,7
DA:206,7
DA:215,7
DA:217,7
DA:218,7
DA:227,7
DA:228,7
DA:229,0
DA:232,0
DA:234,7
DA:238,2
DA:239,2
DA:248,3
DA:249,3
DA:258,0
DA:259,0
DA:260,0
DA:263,0
DA:265,0
DA:269,0
DA:270,0
DA:271,0
DA:274,0
DA:276,0
DA:280,0
DA:281,0
DA:282,0
DA:285,0
DA:287,0
DA:291,7
DA:301,1
DA:305,0
DA:306,0
DA:307,0
DA:313,0
DA:331,1
DA:335,0
DA:337,0
DA:338,0
DA:341,0
DA:342,0
DA:349,0
DA:366,1
DA:369,0
DA:374,0
DA:391,1
DA:399,1
DA:409,1
DA:410,0
DA:411,0
DA:412,0
DA:414,0
DA:415,0
DA:421,1
DA:422,0
DA:432,1
DA:433,0
LF:75
LH:35
BRDA:137,0,0,0
BRDA:150,1,0,7
BRDA:150,1,1,7
BRDA:156,2,0,0
BRDA:156,3,0,26
BRDA:156,3,1,0
BRDA:169,4,0,26
BRDA:169,4,1,26
BRDA:181,5,0,0
BRDA:182,6,0,0
BRDA:182,6,1,0
BRDA:184,7,0,0
BRDA:184,7,1,0
BRDA:204,8,0,0
BRDA:207,9,0,0
BRDA:207,9,1,7
BRDA:207,10,0,7
BRDA:207,10,1,7
BRDA:215,11,0,0
BRDA:217,12,0,0
BRDA:217,12,1,7
BRDA:220,13,0,7
BRDA:220,13,1,1
BRDA:227,14,0,0
BRDA:228,15,0,0
BRDA:229,16,0,0
BRDA:229,16,1,0
BRDA:234,17,0,7
BRDA:234,17,1,2
BRDA:238,18,0,0
BRDA:240,19,0,0
BRDA:240,19,1,2
BRDA:241,20,0,2
BRDA:241,20,1,1
BRDA:248,21,0,0
BRDA:250,22,0,0
BRDA:250,22,1,3
BRDA:251,23,0,3
BRDA:251,23,1,3
BRDA:258,24,0,0
BRDA:259,25,0,0
BRDA:260,26,0,0
BRDA:260,26,1,0
BRDA:269,27,0,0
BRDA:270,28,0,0
BRDA:271,29,0,0
BRDA:271,29,1,0
BRDA:280,30,0,0
BRDA:281,31,0,0
BRDA:282,32,0,0
BRDA:282,32,1,0
BRDA:309,33,0,0
BRDA:309,33,1,0
BRDA:317,34,0,0
BRDA:317,34,1,0
BRDA:371,35,0,0
BRDA:371,35,1,0
BRF:57
BRH:19
end_of_record
