TN:
SF:infrastructure\skills\browser-automation\src\adapter.ts
FN:101,(anonymous_0)
FN:131,(anonymous_1)
FN:249,(anonymous_2)
FN:263,(anonymous_3)
FN:326,(anonymous_4)
FN:402,(anonymous_5)
FN:481,(anonymous_6)
FN:506,(anonymous_7)
FN:535,(anonymous_8)
FN:540,(anonymous_9)
FN:541,(anonymous_10)
FN:546,(anonymous_11)
FN:550,(anonymous_12)
FN:561,(anonymous_13)
FN:562,(anonymous_14)
FNF:15
FNH:12
FNDA:47,(anonymous_0)
FNDA:42,(anonymous_1)
FNDA:6,(anonymous_2)
FNDA:0,(anonymous_3)
FNDA:8,(anonymous_4)
FNDA:23,(anonymous_5)
FNDA:59,(anonymous_6)
FNDA:42,(anonymous_7)
FNDA:113,(anonymous_8)
FNDA:113,(anonymous_9)
FNDA:7,(anonymous_10)
FNDA:104,(anonymous_11)
FNDA:7,(anonymous_12)
FNDA:0,(anonymous_13)
FNDA:0,(anonymous_14)
DA:44,2
DA:47,2
DA:96,2
DA:102,47
DA:103,47
DA:104,47
DA:135,42
DA:136,42
DA:139,42
DA:140,42
DA:147,8
DA:148,2
DA:154,6
DA:159,34
DA:160,34
DA:167,2
DA:168,0
DA:174,2
DA:179,32
DA:180,32
DA:181,32
DA:188,32
DA:189,32
DA:192,32
DA:194,10
DA:203,10
DA:204,8
DA:207,2
DA:208,1
DA:211,1
DA:220,12
DA:221,11
DA:224,1
DA:232,0
DA:254,6
DA:256,6
DA:257,6
DA:263,0
DA:270,6
DA:271,6
DA:273,6
DA:274,0
DA:277,6
DA:278,6
DA:280,2
DA:281,1
DA:283,2
DA:287,1
DA:289,2
DA:290,1
DA:292,0
DA:297,0
DA:300,3
DA:305,3
DA:313,6
DA:331,8
DA:332,8
DA:352,6
DA:354,6
DA:356,1
DA:357,1
DA:363,0
DA:371,5
DA:378,2
DA:379,2
DA:385,0
DA:409,23
DA:410,0
DA:419,23
DA:420,23
DA:431,21
DA:432,21
DA:433,0
DA:442,21
DA:443,0
DA:444,0
DA:454,21
DA:466,2
DA:482,59
DA:483,59
DA:485,59
DA:486,59
DA:487,236
DA:488,236
DA:489,59
DA:493,59
DA:494,29
DA:495,48
DA:496,48
DA:500,59
DA:510,42
DA:540,113
DA:541,113
DA:542,7
DA:545,113
DA:547,104
DA:548,104
DA:551,7
DA:552,7
DA:562,0
DA:570,2
LF:101
LH:88
BRDA:104,0,0,47
BRDA:104,0,1,47
BRDA:142,1,0,42
BRDA:142,1,1,0
BRDA:147,2,0,2
BRDA:147,2,1,6
BRDA:161,3,0,34
BRDA:161,3,1,0
BRDA:162,4,0,34
BRDA:162,4,1,0
BRDA:167,5,0,0
BRDA:167,5,1,2
BRDA:179,6,0,32
BRDA:179,6,1,0
BRDA:192,7,0,10
BRDA:192,7,1,10
BRDA:192,7,2,12
BRDA:192,7,3,0
BRDA:203,8,0,8
BRDA:203,8,1,2
BRDA:207,9,0,1
BRDA:207,9,1,1
BRDA:220,10,0,11
BRDA:220,10,1,1
BRDA:259,11,0,6
BRDA:259,11,1,0
BRDA:273,12,0,0
BRDA:273,12,1,6
BRDA:278,13,0,2
BRDA:278,13,1,2
BRDA:278,13,2,2
BRDA:278,13,3,0
BRDA:285,14,0,2
BRDA:285,14,1,0
BRDA:289,15,0,2
BRDA:289,15,1,0
BRDA:348,16,0,8
BRDA:348,16,1,0
BRDA:352,17,0,6
BRDA:352,17,1,0
BRDA:354,18,0,1
BRDA:354,18,1,5
BRDA:356,19,0,1
BRDA:356,19,1,0
BRDA:358,20,0,1
BRDA:358,20,1,1
BRDA:378,21,0,2
BRDA:378,21,1,0
BRDA:380,22,0,2
BRDA:380,22,1,2
BRDA:409,23,0,0
BRDA:409,23,1,23
BRDA:411,24,0,0
BRDA:411,24,1,0
BRDA:427,25,0,23
BRDA:427,25,1,0
BRDA:432,26,0,0
BRDA:432,26,1,21
BRDA:442,27,0,0
BRDA:442,27,1,21
BRDA:446,28,0,0
BRDA:446,28,1,0
BRDA:457,29,0,0
BRDA:457,29,1,21
BRDA:460,30,0,21
BRDA:460,30,1,21
BRDA:463,31,0,8
BRDA:463,31,1,13
BRDA:482,32,0,0
BRDA:482,32,1,59
BRDA:488,33,0,59
BRDA:488,33,1,177
BRDA:488,34,0,236
BRDA:488,34,1,59
BRDA:493,35,0,29
BRDA:493,35,1,30
BRDA:496,36,0,48
BRDA:496,36,1,0
BRDA:518,37,0,42
BRDA:518,37,1,0
BRF:80
BRH:53
end_of_record
TN:
SF:infrastructure\skills\browser-automation\src\coverage-analyzer.ts
FN:102,analyzeCoverage
FN:196,detectAnticrawl
FN:199,(anonymous_2)
FN:209,countAxNodes
FN:223,countHiddenNodes
FN:246,estimateDomFromHtml
FN:256,detectSpaLoading
FN:258,(anonymous_7)
FN:267,isRobotInAntiCrawlContext
FN:279,(anonymous_9)
FN:294,detectTextContent
FN:308,(anonymous_11)
FN:317,recommendStrategy
FNF:13
FNH:13
FNDA:61,analyzeCoverage
FNDA:40,detectAnticrawl
FNDA:515,(anonymous_2)
FNDA:547,countAxNodes
FNDA:448,countHiddenNodes
FNDA:27,estimateDomFromHtml
FNDA:17,detectSpaLoading
FNDA:86,(anonymous_7)
FNDA:4,isRobotInAntiCrawlContext
FNDA:18,(anonymous_9)
FNDA:417,detectTextContent
FNDA:374,(anonymous_11)
FNDA:46,recommendStrategy
DA:32,3
DA:35,3
DA:41,3
DA:52,3
DA:80,3
DA:83,3
DA:102,3
DA:106,61
DA:109,61
DA:110,16
DA:121,45
DA:122,45
DA:131,45
DA:136,6
DA:149,39
DA:155,39
DA:156,39
DA:159,39
DA:164,39
DA:167,39
DA:173,39
DA:175,39
DA:197,40
DA:199,515
DA:200,40
DA:202,26
DA:203,24
DA:210,547
DA:211,540
DA:212,540
DA:213,64
DA:214,495
DA:217,540
DA:224,448
DA:225,442
DA:228,442
DA:232,442
DA:234,442
DA:235,56
DA:236,406
DA:240,442
DA:248,27
DA:249,27
DA:257,17
DA:258,86
DA:268,4
DA:270,4
DA:279,4
DA:280,18
DA:281,18
DA:283,2
DA:287,2
DA:295,417
DA:298,412
DA:299,412
DA:300,2347
DA:301,2347
DA:302,25
DA:307,387
DA:308,374
DA:311,341
DA:323,46
DA:324,6
DA:328,40
DA:330,15
DA:331,11
DA:334,4
DA:338,25
DA:339,2
DA:343,23
DA:344,13
DA:348,10
DA:349,0
DA:352,10
DA:360,3
DA:361,3
DA:362,3
DA:363,3
DA:364,3
DA:365,3
LF:80
LH:79
BRDA:109,0,0,16
BRDA:109,0,1,45
BRDA:109,1,0,61
BRDA:109,1,1,40
BRDA:122,2,0,45
BRDA:122,2,1,0
BRDA:131,3,0,6
BRDA:131,3,1,39
BRDA:132,4,0,45
BRDA:132,4,1,24
BRDA:132,4,2,17
BRDA:151,5,0,18
BRDA:151,5,1,21
BRDA:156,6,0,35
BRDA:156,6,1,4
BRDA:159,7,0,34
BRDA:159,7,1,5
BRDA:200,8,0,14
BRDA:200,8,1,26
BRDA:202,9,0,2
BRDA:202,9,1,24
BRDA:202,10,0,26
BRDA:202,10,1,4
BRDA:210,11,0,7
BRDA:210,11,1,540
BRDA:210,12,0,547
BRDA:210,12,1,541
BRDA:212,13,0,64
BRDA:212,13,1,476
BRDA:224,14,0,6
BRDA:224,14,1,442
BRDA:228,15,0,442
BRDA:228,15,1,428
BRDA:228,15,2,428
BRDA:232,16,0,14
BRDA:232,16,1,428
BRDA:234,17,0,56
BRDA:234,17,1,386
BRDA:249,18,0,26
BRDA:249,18,1,1
BRDA:281,19,0,16
BRDA:281,19,1,2
BRDA:295,20,0,5
BRDA:295,20,1,412
BRDA:301,21,0,25
BRDA:301,21,1,2322
BRDA:301,22,0,2347
BRDA:301,22,1,413
BRDA:307,23,0,46
BRDA:307,23,1,341
BRDA:323,24,0,6
BRDA:323,24,1,40
BRDA:323,25,0,46
BRDA:323,25,1,6
BRDA:328,26,0,15
BRDA:328,26,1,25
BRDA:330,27,0,11
BRDA:330,27,1,4
BRDA:338,28,0,2
BRDA:338,28,1,23
BRDA:338,29,0,25
BRDA:338,29,1,4
BRDA:343,30,0,13
BRDA:343,30,1,10
BRDA:343,31,0,23
BRDA:343,31,1,23
BRDA:348,32,0,0
BRDA:348,32,1,10
BRF:68
BRH:66
end_of_record
TN:
SF:infrastructure\skills\browser-automation\src\types.ts
FN:15,createCausationId
FN:34,createDefaultContext
FNF:2
FNH:2
FNDA:48,createCausationId
FNDA:48,createDefaultContext
DA:16,48
DA:34,2
DA:35,48
DA:42,48
DA:44,1
DA:46,46
DA:48,1
DA:62,2
LF:8
LH:8
BRDA:42,0,0,1
BRDA:42,0,1,46
BRDA:42,0,2,1
BRF:3
BRH:3
end_of_record
TN:
SF:infrastructure\skills\browser-automation\src\vlm-adapter.config.ts
FN:101,createDefaultVlmAdapterConfig
FN:132,createVlmAdapter
FNF:2
FNH:2
FNDA:14,createDefaultVlmAdapterConfig
FNDA:8,createVlmAdapter
DA:14,3
DA:19,3
DA:26,3
DA:52,3
DA:61,3
DA:77,3
DA:101,3
DA:105,14
DA:113,14
DA:132,3
DA:135,8
DA:136,8
LF:12
LH:12
BRDA:102,0,0,5
BRDA:105,1,0,2
BRDA:105,1,1,12
BRDA:118,2,0,14
BRDA:118,2,1,0
BRDA:119,3,0,14
BRDA:119,3,1,0
BRDA:120,4,0,14
BRDA:120,4,1,0
BRDA:121,5,0,14
BRDA:121,5,1,0
BRDA:135,6,0,8
BRDA:135,6,1,4
BRF:13
BRH:9
end_of_record
TN:
SF:infrastructure\skills\browser-automation\src\vlm-adapter.ts
FN:51,(anonymous_0)
FN:73,(anonymous_1)
FN:143,(anonymous_2)
FN:155,(anonymous_3)
FN:166,(anonymous_4)
FN:194,(anonymous_5)
FN:298,(anonymous_6)
FN:320,(anonymous_7)
FN:342,(anonymous_8)
FN:391,(anonymous_9)
FN:446,(anonymous_10)
FN:462,(anonymous_11)
FN:575,(anonymous_12)
FN:581,(anonymous_13)
FN:602,(anonymous_14)
FN:627,(anonymous_15)
FN:628,(anonymous_16)
FN:648,(anonymous_17)
FN:663,(anonymous_18)
FN:703,(anonymous_19)
FN:714,(anonymous_20)
FN:731,(anonymous_21)
FN:742,(anonymous_22)
FN:753,(anonymous_23)
FN:761,(anonymous_24)
FN:762,(anonymous_25)
FNF:26
FNH:26
FNDA:26,(anonymous_0)
FNDA:26,(anonymous_1)
FNDA:26,(anonymous_2)
FNDA:20,(anonymous_3)
FNDA:38,(anonymous_4)
FNDA:40,(anonymous_5)
FNDA:43,(anonymous_6)
FNDA:7,(anonymous_7)
FNDA:30,(anonymous_8)
FNDA:36,(anonymous_9)
FNDA:12,(anonymous_10)
FNDA:9,(anonymous_11)
FNDA:8,(anonymous_12)
FNDA:14,(anonymous_13)
FNDA:4,(anonymous_14)
FNDA:5,(anonymous_15)
FNDA:5,(anonymous_16)
FNDA:8,(anonymous_17)
FNDA:6,(anonymous_18)
FNDA:23,(anonymous_19)
FNDA:18,(anonymous_20)
FNDA:2,(anonymous_21)
FNDA:2,(anonymous_22)
FNDA:1,(anonymous_23)
FNDA:18,(anonymous_24)
FNDA:18,(anonymous_25)
DA:18,3
DA:48,3
DA:52,26
DA:74,26
DA:75,6
DA:78,20
DA:79,20
DA:85,20
DA:86,20
DA:87,20
DA:88,20
DA:89,20
DA:92,20
DA:93,20
DA:94,0
DA:95,0
DA:96,0
DA:98,0
DA:100,0
DA:101,0
DA:102,0
DA:103,0
DA:104,0
DA:109,20
DA:110,3
DA:113,3
DA:114,15
DA:116,15
DA:117,15
DA:119,3
DA:122,20
DA:123,20
DA:127,20
DA:144,26
DA:146,12
DA:147,12
DA:148,12
DA:149,12
DA:156,20
DA:157,6
DA:158,6
DA:159,6
DA:160,6
DA:168,38
DA:169,38
DA:187,3
DA:195,40
DA:196,40
DA:197,40
DA:198,40
DA:199,40
DA:200,40
DA:201,40
DA:203,40
DA:205,40
DA:206,4
DA:219,36
DA:220,36
DA:221,36
DA:222,29
DA:224,7
DA:226,7
DA:230,36
DA:231,36
DA:232,6
DA:233,6
DA:245,30
DA:246,0
DA:259,30
DA:260,30
DA:261,30
DA:262,30
DA:263,4
DA:267,30
DA:268,30
DA:269,15
DA:270,15
DA:272,15
DA:276,30
DA:277,30
DA:278,1
DA:281,30
DA:283,30
DA:300,43
DA:301,43
DA:302,27
DA:305,16
DA:306,16
DA:307,1
DA:310,15
DA:311,15
DA:312,14
DA:313,14
DA:314,14
DA:321,7
DA:322,7
DA:323,7
DA:326,7
DA:332,7
DA:333,7
DA:335,0
DA:346,30
DA:347,30
DA:350,30
DA:351,55
DA:352,9
DA:357,30
DA:358,61
DA:359,47
DA:360,47
DA:362,47
DA:363,1
DA:364,46
DA:365,1
DA:366,45
DA:367,0
DA:368,45
DA:369,1
DA:370,44
DA:371,0
DA:375,47
DA:376,1
DA:381,30
DA:392,36
DA:395,36
DA:417,36
DA:418,600
DA:419,6
DA:423,30
DA:441,3
DA:447,12
DA:448,12
DA:449,12
DA:467,9
DA:468,9
DA:469,9
DA:470,9
DA:471,9
DA:472,8
DA:473,8
DA:475,8
DA:476,13
DA:478,13
DA:479,11
DA:482,11
DA:484,11
DA:485,2
DA:488,9
DA:489,4
DA:500,5
DA:501,5
DA:504,5
DA:506,2
DA:509,2
DA:523,5
DA:525,1
DA:527,1
DA:531,1
DA:532,1
DA:542,5
DA:543,4
DA:546,4
DA:548,4
DA:549,2
DA:552,2
DA:554,1
DA:555,1
DA:558,1
DA:559,1
DA:565,2
DA:576,8
DA:580,8
DA:582,14
DA:583,14
DA:584,14
DA:585,14
DA:586,14
DA:590,8
DA:606,4
DA:609,4
DA:610,4
DA:611,4
DA:614,4
DA:615,4
DA:618,4
DA:619,4
DA:621,4
DA:628,5
DA:644,3
DA:649,8
DA:650,8
DA:667,6
DA:670,6
DA:671,1
DA:677,5
DA:696,3
DA:704,23
DA:709,23
DA:710,23
DA:711,23
DA:719,18
DA:721,18
DA:722,3
DA:725,15
DA:732,2
DA:743,2
DA:754,1
DA:762,18
LF:208
LH:195
BRDA:74,0,0,6
BRDA:74,0,1,20
BRDA:74,1,0,26
BRDA:74,1,1,21
BRDA:74,1,2,21
BRDA:93,2,0,0
BRDA:93,2,1,20
BRDA:93,3,0,20
BRDA:93,3,1,20
BRDA:98,4,0,0
BRDA:98,4,1,0
BRDA:98,5,0,0
BRDA:98,5,1,0
BRDA:109,6,0,3
BRDA:109,6,1,17
BRDA:113,7,0,18
BRDA:113,7,1,15
BRDA:123,8,0,20
BRDA:123,8,1,0
BRDA:144,9,0,14
BRDA:144,9,1,12
BRDA:156,10,0,14
BRDA:156,10,1,6
BRDA:168,11,0,13
BRDA:168,11,1,25
BRDA:168,12,0,0
BRDA:168,12,1,25
BRDA:205,13,0,4
BRDA:205,13,1,36
BRDA:205,14,0,40
BRDA:205,14,1,37
BRDA:205,14,2,37
BRDA:221,15,0,0
BRDA:221,15,1,36
BRDA:231,16,0,6
BRDA:231,16,1,30
BRDA:245,17,0,0
BRDA:245,17,1,30
BRDA:245,18,0,30
BRDA:245,18,1,30
BRDA:262,19,0,4
BRDA:262,19,1,26
BRDA:267,20,0,30
BRDA:267,20,1,4
BRDA:267,20,2,4
BRDA:268,21,0,15
BRDA:268,21,1,15
BRDA:276,22,0,30
BRDA:276,22,1,21
BRDA:277,23,0,1
BRDA:277,23,1,29
BRDA:281,24,0,30
BRDA:281,24,1,29
BRDA:281,24,2,19
BRDA:281,24,3,12
BRDA:301,25,0,27
BRDA:301,25,1,16
BRDA:301,26,0,43
BRDA:301,26,1,16
BRDA:306,27,0,1
BRDA:306,27,1,15
BRDA:311,28,0,1
BRDA:311,28,1,14
BRDA:313,29,0,0
BRDA:313,29,1,14
BRDA:332,30,0,7
BRDA:332,30,1,0
BRDA:351,31,0,9
BRDA:351,31,1,46
BRDA:351,32,0,55
BRDA:351,32,1,46
BRDA:351,32,2,46
BRDA:358,33,0,47
BRDA:358,33,1,14
BRDA:358,34,0,61
BRDA:358,34,1,47
BRDA:358,34,2,47
BRDA:362,35,0,1
BRDA:362,35,1,46
BRDA:362,36,0,47
BRDA:362,36,1,2
BRDA:364,37,0,1
BRDA:364,37,1,45
BRDA:364,38,0,46
BRDA:364,38,1,2
BRDA:364,38,2,1
BRDA:366,39,0,0
BRDA:366,39,1,45
BRDA:366,40,0,45
BRDA:366,40,1,42
BRDA:368,41,0,1
BRDA:368,41,1,44
BRDA:368,42,0,45
BRDA:368,42,1,1
BRDA:370,43,0,0
BRDA:370,43,1,44
BRDA:370,44,0,44
BRDA:370,44,1,0
BRDA:375,45,0,1
BRDA:375,45,1,46
BRDA:375,46,0,47
BRDA:375,46,1,2
BRDA:375,46,2,2
BRDA:382,47,0,30
BRDA:382,47,1,23
BRDA:418,48,0,6
BRDA:418,48,1,594
BRDA:484,49,0,2
BRDA:484,49,1,9
BRDA:488,50,0,4
BRDA:488,50,1,5
BRDA:490,51,0,4
BRDA:490,51,1,0
BRDA:490,51,2,0
BRDA:504,52,0,2
BRDA:504,52,1,3
BRDA:523,53,0,1
BRDA:523,53,1,4
BRDA:542,54,0,4
BRDA:542,54,1,1
BRDA:548,55,0,2
BRDA:548,55,1,2
BRDA:552,56,0,1
BRDA:552,56,1,1
BRDA:552,57,0,2
BRDA:552,57,1,2
BRDA:558,58,0,1
BRDA:558,58,1,0
BRDA:567,59,0,2
BRDA:567,59,1,0
BRDA:576,60,0,8
BRDA:576,60,1,0
BRDA:583,61,0,14
BRDA:583,61,1,0
BRDA:584,62,0,1
BRDA:584,62,1,13
BRDA:585,63,0,12
BRDA:585,63,1,2
BRDA:609,64,0,0
BRDA:609,64,1,4
BRDA:610,65,0,0
BRDA:610,65,1,4
BRDA:611,66,0,0
BRDA:611,66,1,4
BRDA:614,67,0,0
BRDA:614,67,1,4
BRDA:615,68,0,0
BRDA:615,68,1,4
BRDA:619,69,0,0
BRDA:619,69,1,4
BRDA:667,70,0,6
BRDA:667,70,1,3
BRDA:670,71,0,1
BRDA:670,71,1,5
BRDA:670,72,0,6
BRDA:670,72,1,6
BRDA:670,72,2,5
BRDA:704,73,0,15
BRDA:709,74,0,20
BRDA:710,75,0,22
BRDA:711,76,0,22
BRDA:721,77,0,3
BRDA:721,77,1,15
BRF:163
BRH:137
end_of_record
TN:
SF:infrastructure\skills\browser-automation\src\vlm-types.ts
FN:185,(anonymous_0)
FN:202,(anonymous_1)
FN:212,(anonymous_2)
FN:220,(anonymous_3)
FN:228,(anonymous_4)
FN:241,(anonymous_5)
FNF:6
FNH:5
FNDA:13,(anonymous_0)
FNDA:0,(anonymous_1)
FNDA:3,(anonymous_2)
FNDA:6,(anonymous_3)
FNDA:2,(anonymous_4)
FNDA:2,(anonymous_5)
DA:184,3
DA:188,13
DA:190,13
DA:192,13
DA:193,13
DA:198,3
DA:203,0
DA:204,0
DA:205,0
DA:206,0
DA:211,3
DA:213,3
DA:214,3
DA:219,3
DA:221,6
DA:222,6
DA:227,3
DA:229,2
DA:230,2
DA:235,3
DA:246,2
DA:251,2
DA:252,2
DA:253,2
DA:292,3
DA:301,3
LF:26
LH:22
BRDA:205,0,0,0
BRDA:205,0,1,0
BRDA:206,1,0,0
BRDA:206,1,1,0
BRDA:253,2,0,2
BRDA:253,2,1,1
BRF:6
BRH:2
end_of_record
TN:
SF:infrastructure\skills\browser-automation\src\__tests__\helpers\mockToolRunner.ts
FN:136,createMockRunner
FN:155,delay
FN:158,(anonymous_2)
FN:166,getEffectiveDelay
FN:175,outcome
FN:183,(anonymous_5)
FN:187,(anonymous_6)
FN:193,outcomeWithDelay
FN:203,(anonymous_8)
FN:214,(anonymous_9)
FN:226,(anonymous_10)
FN:232,(anonymous_11)
FN:234,(anonymous_12)
FN:237,(anonymous_13)
FN:247,(anonymous_14)
FN:257,(anonymous_15)
FN:268,(anonymous_16)
FN:279,(anonymous_17)
FN:301,makeSnapshotWithNodeCount
FN:331,makeSnapshotWithHidden
FN:366,makeSnapshotWithText
FN:369,(anonymous_21)
FN:409,makeHtmlWithTagCount
FN:421,makeAntiCrawlHtml
FN:432,makeSpaLoadingHtml
FNF:25
FNH:24
FNDA:47,createMockRunner
FNDA:146,delay
FNDA:7,(anonymous_2)
FNDA:146,getEffectiveDelay
FNDA:114,outcome
FNDA:7,(anonymous_5)
FNDA:105,(anonymous_6)
FNDA:114,outcomeWithDelay
FNDA:48,(anonymous_8)
FNDA:34,(anonymous_9)
FNDA:32,(anonymous_10)
FNDA:1,(anonymous_11)
FNDA:31,(anonymous_12)
FNDA:9,(anonymous_13)
FNDA:23,(anonymous_14)
FNDA:2,(anonymous_15)
FNDA:2,(anonymous_16)
FNDA:2,(anonymous_17)
FNDA:11,makeSnapshotWithNodeCount
FNDA:1,makeSnapshotWithHidden
FNDA:9,makeSnapshotWithText
FNDA:9,(anonymous_21)
FNDA:8,makeHtmlWithTagCount
FNDA:7,makeAntiCrawlHtml
FNDA:0,makeSpaLoadingHtml
DA:71,3
DA:103,3
DA:112,3
DA:136,3
DA:139,47
DA:150,47
DA:156,146
DA:158,7
DA:160,139
DA:169,146
DA:181,114
DA:182,7
DA:183,7
DA:184,7
DA:187,107
DA:199,114
DA:202,47
DA:204,48
DA:205,48
DA:206,48
DA:215,34
DA:217,34
DA:218,34
DA:227,32
DA:228,32
DA:229,1
DA:232,1
DA:234,31
DA:238,9
DA:239,9
DA:248,23
DA:249,23
DA:258,2
DA:259,2
DA:260,1
DA:263,1
DA:265,1
DA:269,2
DA:270,2
DA:271,1
DA:274,1
DA:276,1
DA:280,2
DA:281,2
DA:282,1
DA:285,1
DA:287,1
DA:291,47
DA:301,3
DA:305,11
DA:306,11
DA:307,313
DA:313,11
DA:331,3
DA:335,1
DA:337,1
DA:338,6
DA:341,1
DA:342,3
DA:349,1
DA:366,3
DA:369,9
DA:374,9
DA:391,3
DA:399,3
DA:409,3
DA:410,8
DA:411,8
DA:412,1350
DA:414,8
DA:415,8
DA:421,3
DA:422,7
DA:432,3
DA:433,0
LF:75
LH:74
BRDA:137,0,0,0
BRDA:150,1,0,47
BRDA:150,1,1,8
BRDA:156,2,0,7
BRDA:156,2,1,139
BRDA:156,3,0,146
BRDA:156,3,1,7
BRDA:169,4,0,146
BRDA:169,4,1,139
BRDA:181,5,0,7
BRDA:181,5,1,107
BRDA:182,6,0,7
BRDA:182,6,1,0
BRDA:184,7,0,7
BRDA:184,7,1,0
BRDA:204,8,0,40
BRDA:204,8,1,8
BRDA:207,9,0,4
BRDA:207,9,1,44
BRDA:207,10,0,44
BRDA:207,10,1,44
BRDA:215,11,0,27
BRDA:215,11,1,7
BRDA:217,12,0,1
BRDA:217,12,1,33
BRDA:220,13,0,34
BRDA:220,13,1,10
BRDA:227,14,0,25
BRDA:227,14,1,7
BRDA:228,15,0,1
BRDA:228,15,1,31
BRDA:229,16,0,1
BRDA:229,16,1,0
BRDA:234,17,0,31
BRDA:234,17,1,10
BRDA:238,18,0,7
BRDA:238,18,1,2
BRDA:240,19,0,1
BRDA:240,19,1,8
BRDA:241,20,0,9
BRDA:241,20,1,6
BRDA:248,21,0,20
BRDA:248,21,1,3
BRDA:250,22,0,1
BRDA:250,22,1,22
BRDA:251,23,0,23
BRDA:251,23,1,23
BRDA:258,24,0,2
BRDA:258,24,1,0
BRDA:259,25,0,1
BRDA:259,25,1,1
BRDA:260,26,0,1
BRDA:260,26,1,0
BRDA:269,27,0,2
BRDA:269,27,1,0
BRDA:270,28,0,1
BRDA:270,28,1,1
BRDA:271,29,0,1
BRDA:271,29,1,0
BRDA:280,30,0,2
BRDA:280,30,1,0
BRDA:281,31,0,1
BRDA:281,31,1,1
BRDA:282,32,0,1
BRDA:282,32,1,0
BRDA:309,33,0,159
BRDA:309,33,1,154
BRDA:317,34,0,10
BRDA:317,34,1,1
BRDA:371,35,0,9
BRDA:371,35,1,0
BRF:71
BRH:60
end_of_record
