<?xml version="1.0" encoding="UTF-8"?>
<coverage generated="1777820905877" clover="3.2.0">
  <project timestamp="1777820905879" name="All files">
    <metrics statements="255" coveredstatements="243" conditionals="210" coveredconditionals="175" methods="55" coveredmethods="51" elements="520" coveredelements="469" complexity="0" loc="255" ncloc="255" packages="2" files="4" classes="4"/>
    <package name="src">
      <metrics statements="180" coveredstatements="169" conditionals="139" coveredconditionals="115" methods="30" coveredmethods="27"/>
      <file name="adapter.ts" path="E:\AI_Studio_Workspace\src\adapter.ts">
        <metrics statements="92" coveredstatements="82" conditionals="68" coveredconditionals="46" methods="15" coveredmethods="12"/>
        <line num="44" count="2" type="stmt"/>
        <line num="93" count="2" type="stmt"/>
        <line num="97" count="47" type="stmt"/>
        <line num="128" count="42" type="stmt"/>
        <line num="129" count="42" type="stmt"/>
        <line num="132" count="42" type="stmt"/>
        <line num="133" count="42" type="stmt"/>
        <line num="140" count="8" type="cond" truecount="2" falsecount="0"/>
        <line num="141" count="2" type="stmt"/>
        <line num="147" count="6" type="stmt"/>
        <line num="152" count="34" type="stmt"/>
        <line num="153" count="34" type="stmt"/>
        <line num="160" count="2" type="cond" truecount="1" falsecount="1"/>
        <line num="161" count="0" type="stmt"/>
        <line num="167" count="2" type="stmt"/>
        <line num="172" count="32" type="cond" truecount="1" falsecount="1"/>
        <line num="173" count="32" type="stmt"/>
        <line num="174" count="32" type="stmt"/>
        <line num="181" count="32" type="stmt"/>
        <line num="182" count="32" type="stmt"/>
        <line num="185" count="32" type="cond" truecount="3" falsecount="1"/>
        <line num="187" count="10" type="stmt"/>
        <line num="196" count="10" type="cond" truecount="2" falsecount="0"/>
        <line num="197" count="8" type="stmt"/>
        <line num="200" count="2" type="cond" truecount="2" falsecount="0"/>
        <line num="201" count="1" type="stmt"/>
        <line num="204" count="1" type="stmt"/>
        <line num="213" count="12" type="cond" truecount="2" falsecount="0"/>
        <line num="214" count="11" type="stmt"/>
        <line num="217" count="1" type="stmt"/>
        <line num="225" count="0" type="stmt"/>
        <line num="247" count="6" type="stmt"/>
        <line num="249" count="6" type="stmt"/>
        <line num="250" count="6" type="stmt"/>
        <line num="256" count="0" type="stmt"/>
        <line num="263" count="6" type="stmt"/>
        <line num="264" count="6" type="stmt"/>
        <line num="266" count="6" type="cond" truecount="1" falsecount="1"/>
        <line num="267" count="0" type="stmt"/>
        <line num="270" count="6" type="stmt"/>
        <line num="271" count="6" type="cond" truecount="3" falsecount="1"/>
        <line num="273" count="2" type="stmt"/>
        <line num="274" count="1" type="stmt"/>
        <line num="276" count="2" type="stmt"/>
        <line num="280" count="1" type="stmt"/>
        <line num="282" count="2" type="cond" truecount="1" falsecount="1"/>
        <line num="283" count="1" type="stmt"/>
        <line num="285" count="0" type="stmt"/>
        <line num="290" count="0" type="stmt"/>
        <line num="293" count="3" type="stmt"/>
        <line num="298" count="3" type="stmt"/>
        <line num="306" count="6" type="stmt"/>
        <line num="324" count="8" type="stmt"/>
        <line num="325" count="8" type="stmt"/>
        <line num="345" count="6" type="cond" truecount="1" falsecount="1"/>
        <line num="347" count="6" type="cond" truecount="2" falsecount="0"/>
        <line num="349" count="1" type="cond" truecount="1" falsecount="1"/>
        <line num="350" count="1" type="stmt"/>
        <line num="356" count="0" type="stmt"/>
        <line num="364" count="5" type="stmt"/>
        <line num="371" count="2" type="cond" truecount="1" falsecount="1"/>
        <line num="372" count="2" type="stmt"/>
        <line num="378" count="0" type="stmt"/>
        <line num="399" count="23" type="cond" truecount="1" falsecount="1"/>
        <line num="400" count="0" type="stmt"/>
        <line num="409" count="23" type="stmt"/>
        <line num="410" count="23" type="stmt"/>
        <line num="421" count="21" type="stmt"/>
        <line num="428" count="2" type="stmt"/>
        <line num="444" count="59" type="cond" truecount="1" falsecount="1"/>
        <line num="445" count="59" type="stmt"/>
        <line num="447" count="59" type="stmt"/>
        <line num="448" count="59" type="stmt"/>
        <line num="449" count="236" type="stmt"/>
        <line num="450" count="236" type="cond" truecount="4" falsecount="0"/>
        <line num="451" count="59" type="stmt"/>
        <line num="455" count="59" type="cond" truecount="2" falsecount="0"/>
        <line num="456" count="29" type="stmt"/>
        <line num="457" count="48" type="stmt"/>
        <line num="458" count="48" type="cond" truecount="1" falsecount="1"/>
        <line num="462" count="59" type="stmt"/>
        <line num="472" count="42" type="stmt"/>
        <line num="501" count="113" type="stmt"/>
        <line num="502" count="113" type="stmt"/>
        <line num="503" count="7" type="stmt"/>
        <line num="506" count="113" type="stmt"/>
        <line num="508" count="104" type="stmt"/>
        <line num="509" count="104" type="stmt"/>
        <line num="512" count="7" type="stmt"/>
        <line num="513" count="7" type="stmt"/>
        <line num="523" count="0" type="stmt"/>
        <line num="531" count="2" type="stmt"/>
      </file>
      <file name="coverage-analyzer.ts" path="E:\AI_Studio_Workspace\src\coverage-analyzer.ts">
        <metrics statements="80" coveredstatements="79" conditionals="68" coveredconditionals="66" methods="13" coveredmethods="13"/>
        <line num="32" count="3" type="stmt"/>
        <line num="35" count="3" type="stmt"/>
        <line num="41" count="3" type="stmt"/>
        <line num="52" count="3" type="stmt"/>
        <line num="80" count="3" type="stmt"/>
        <line num="83" count="3" type="stmt"/>
        <line num="102" count="3" type="stmt"/>
        <line num="106" count="61" type="stmt"/>
        <line num="109" count="61" type="cond" truecount="4" falsecount="0"/>
        <line num="110" count="16" type="stmt"/>
        <line num="121" count="45" type="stmt"/>
        <line num="122" count="45" type="cond" truecount="1" falsecount="1"/>
        <line num="131" count="45" type="cond" truecount="2" falsecount="0"/>
        <line num="136" count="6" type="stmt"/>
        <line num="149" count="39" type="stmt"/>
        <line num="155" count="39" type="stmt"/>
        <line num="156" count="39" type="cond" truecount="2" falsecount="0"/>
        <line num="159" count="39" type="cond" truecount="2" falsecount="0"/>
        <line num="164" count="39" type="stmt"/>
        <line num="167" count="39" type="stmt"/>
        <line num="173" count="39" type="stmt"/>
        <line num="175" count="39" type="stmt"/>
        <line num="197" count="40" type="stmt"/>
        <line num="199" count="515" type="stmt"/>
        <line num="200" count="40" type="cond" truecount="2" falsecount="0"/>
        <line num="202" count="26" type="cond" truecount="4" falsecount="0"/>
        <line num="203" count="24" type="stmt"/>
        <line num="210" count="547" type="cond" truecount="4" falsecount="0"/>
        <line num="211" count="540" type="stmt"/>
        <line num="212" count="540" type="cond" truecount="2" falsecount="0"/>
        <line num="213" count="64" type="stmt"/>
        <line num="214" count="495" type="stmt"/>
        <line num="217" count="540" type="stmt"/>
        <line num="224" count="448" type="cond" truecount="2" falsecount="0"/>
        <line num="225" count="442" type="stmt"/>
        <line num="228" count="442" type="cond" truecount="3" falsecount="0"/>
        <line num="232" count="442" type="cond" truecount="2" falsecount="0"/>
        <line num="234" count="442" type="cond" truecount="2" falsecount="0"/>
        <line num="235" count="56" type="stmt"/>
        <line num="236" count="406" type="stmt"/>
        <line num="240" count="442" type="stmt"/>
        <line num="248" count="27" type="stmt"/>
        <line num="249" count="27" type="cond" truecount="2" falsecount="0"/>
        <line num="257" count="17" type="stmt"/>
        <line num="258" count="86" type="stmt"/>
        <line num="268" count="4" type="stmt"/>
        <line num="270" count="4" type="stmt"/>
        <line num="279" count="4" type="stmt"/>
        <line num="280" count="18" type="stmt"/>
        <line num="281" count="18" type="cond" truecount="2" falsecount="0"/>
        <line num="283" count="2" type="stmt"/>
        <line num="287" count="2" type="stmt"/>
        <line num="295" count="417" type="cond" truecount="2" falsecount="0"/>
        <line num="298" count="412" type="stmt"/>
        <line num="299" count="412" type="stmt"/>
        <line num="300" count="2347" type="stmt"/>
        <line num="301" count="2347" type="cond" truecount="4" falsecount="0"/>
        <line num="302" count="25" type="stmt"/>
        <line num="307" count="387" type="cond" truecount="2" falsecount="0"/>
        <line num="308" count="374" type="stmt"/>
        <line num="311" count="341" type="stmt"/>
        <line num="323" count="46" type="cond" truecount="4" falsecount="0"/>
        <line num="324" count="6" type="stmt"/>
        <line num="328" count="40" type="cond" truecount="2" falsecount="0"/>
        <line num="330" count="15" type="cond" truecount="2" falsecount="0"/>
        <line num="331" count="11" type="stmt"/>
        <line num="334" count="4" type="stmt"/>
        <line num="338" count="25" type="cond" truecount="4" falsecount="0"/>
        <line num="339" count="2" type="stmt"/>
        <line num="343" count="23" type="cond" truecount="4" falsecount="0"/>
        <line num="344" count="13" type="stmt"/>
        <line num="348" count="10" type="cond" truecount="1" falsecount="1"/>
        <line num="349" count="0" type="stmt"/>
        <line num="352" count="10" type="stmt"/>
        <line num="360" count="3" type="stmt"/>
        <line num="361" count="3" type="stmt"/>
        <line num="362" count="3" type="stmt"/>
        <line num="363" count="3" type="stmt"/>
        <line num="364" count="3" type="stmt"/>
        <line num="365" count="3" type="stmt"/>
      </file>
      <file name="types.ts" path="E:\AI_Studio_Workspace\src\types.ts">
        <metrics statements="8" coveredstatements="8" conditionals="3" coveredconditionals="3" methods="2" coveredmethods="2"/>
        <line num="16" count="48" type="stmt"/>
        <line num="34" count="2" type="stmt"/>
        <line num="35" count="48" type="stmt"/>
        <line num="42" count="48" type="cond" truecount="3" falsecount="0"/>
        <line num="44" count="1" type="stmt"/>
        <line num="46" count="46" type="stmt"/>
        <line num="48" count="1" type="stmt"/>
        <line num="62" count="2" type="stmt"/>
      </file>
    </package>
    <package name="src.__tests__.helpers">
      <metrics statements="75" coveredstatements="74" conditionals="71" coveredconditionals="60" methods="25" coveredmethods="24"/>
      <file name="mockToolRunner.ts" path="E:\AI_Studio_Workspace\src\__tests__\helpers\mockToolRunner.ts">
        <metrics statements="75" coveredstatements="74" conditionals="71" coveredconditionals="60" methods="25" coveredmethods="24"/>
        <line num="71" count="3" type="stmt"/>
        <line num="103" count="3" type="stmt"/>
        <line num="112" count="3" type="stmt"/>
        <line num="136" count="3" type="stmt"/>
        <line num="139" count="47" type="stmt"/>
        <line num="150" count="47" type="cond" truecount="2" falsecount="0"/>
        <line num="156" count="146" type="cond" truecount="4" falsecount="0"/>
        <line num="158" count="7" type="stmt"/>
        <line num="160" count="139" type="stmt"/>
        <line num="169" count="146" type="cond" truecount="2" falsecount="0"/>
        <line num="181" count="114" type="cond" truecount="2" falsecount="0"/>
        <line num="182" count="7" type="cond" truecount="1" falsecount="1"/>
        <line num="183" count="7" type="stmt"/>
        <line num="184" count="7" type="cond" truecount="1" falsecount="1"/>
        <line num="187" count="107" type="stmt"/>
        <line num="199" count="114" type="stmt"/>
        <line num="202" count="47" type="stmt"/>
        <line num="204" count="48" type="cond" truecount="2" falsecount="0"/>
        <line num="205" count="48" type="stmt"/>
        <line num="206" count="48" type="stmt"/>
        <line num="215" count="34" type="cond" truecount="2" falsecount="0"/>
        <line num="217" count="34" type="cond" truecount="2" falsecount="0"/>
        <line num="218" count="34" type="stmt"/>
        <line num="227" count="32" type="cond" truecount="2" falsecount="0"/>
        <line num="228" count="32" type="cond" truecount="2" falsecount="0"/>
        <line num="229" count="1" type="cond" truecount="1" falsecount="1"/>
        <line num="232" count="1" type="stmt"/>
        <line num="234" count="31" type="cond" truecount="2" falsecount="0"/>
        <line num="238" count="9" type="cond" truecount="2" falsecount="0"/>
        <line num="239" count="9" type="stmt"/>
        <line num="248" count="23" type="cond" truecount="2" falsecount="0"/>
        <line num="249" count="23" type="stmt"/>
        <line num="258" count="2" type="cond" truecount="1" falsecount="1"/>
        <line num="259" count="2" type="cond" truecount="2" falsecount="0"/>
        <line num="260" count="1" type="cond" truecount="1" falsecount="1"/>
        <line num="263" count="1" type="stmt"/>
        <line num="265" count="1" type="stmt"/>
        <line num="269" count="2" type="cond" truecount="1" falsecount="1"/>
        <line num="270" count="2" type="cond" truecount="2" falsecount="0"/>
        <line num="271" count="1" type="cond" truecount="1" falsecount="1"/>
        <line num="274" count="1" type="stmt"/>
        <line num="276" count="1" type="stmt"/>
        <line num="280" count="2" type="cond" truecount="1" falsecount="1"/>
        <line num="281" count="2" type="cond" truecount="2" falsecount="0"/>
        <line num="282" count="1" type="cond" truecount="1" falsecount="1"/>
        <line num="285" count="1" type="stmt"/>
        <line num="287" count="1" type="stmt"/>
        <line num="291" count="47" type="stmt"/>
        <line num="301" count="3" type="stmt"/>
        <line num="305" count="11" type="stmt"/>
        <line num="306" count="11" type="stmt"/>
        <line num="307" count="313" type="stmt"/>
        <line num="313" count="11" type="stmt"/>
        <line num="331" count="3" type="stmt"/>
        <line num="335" count="1" type="stmt"/>
        <line num="337" count="1" type="stmt"/>
        <line num="338" count="6" type="stmt"/>
        <line num="341" count="1" type="stmt"/>
        <line num="342" count="3" type="stmt"/>
        <line num="349" count="1" type="stmt"/>
        <line num="366" count="3" type="stmt"/>
        <line num="369" count="9" type="stmt"/>
        <line num="374" count="9" type="stmt"/>
        <line num="391" count="3" type="stmt"/>
        <line num="399" count="3" type="stmt"/>
        <line num="409" count="3" type="stmt"/>
        <line num="410" count="8" type="stmt"/>
        <line num="411" count="8" type="stmt"/>
        <line num="412" count="1350" type="stmt"/>
        <line num="414" count="8" type="stmt"/>
        <line num="415" count="8" type="stmt"/>
        <line num="421" count="3" type="stmt"/>
        <line num="422" count="7" type="stmt"/>
        <line num="432" count="3" type="stmt"/>
        <line num="433" count="0" type="stmt"/>
      </file>
    </package>
  </project>
</coverage>
