TN:
SF:src\adapter.ts
FN:96,(anonymous_0)
FN:124,(anonymous_1)
FN:242,(anonymous_2)
FN:256,(anonymous_3)
FN:319,(anonymous_4)
FN:392,(anonymous_5)
FN:443,(anonymous_6)
FN:468,(anonymous_7)
FN:496,(anonymous_8)
FN:501,(anonymous_9)
FN:502,(anonymous_10)
FN:507,(anonymous_11)
FN:511,(anonymous_12)
FN:522,(anonymous_13)
FN:523,(anonymous_14)
FNF:15
FNH:12
FNDA:47,(anonymous_0)
FNDA:42,(anonymous_1)
FNDA:6,(anonymous_2)
FNDA:0,(anonymous_3)
FNDA:8,(anonymous_4)
FNDA:23,(anonymous_5)
FNDA:59,(anonymous_6)
FNDA:42,(anonymous_7)
FNDA:113,(anonymous_8)
FNDA:113,(anonymous_9)
FNDA:7,(anonymous_10)
FNDA:104,(anonymous_11)
FNDA:7,(anonymous_12)
FNDA:0,(anonymous_13)
FNDA:0,(anonymous_14)
DA:44,2
DA:93,2
DA:97,47
DA:128,42
DA:129,42
DA:132,42
DA:133,42
DA:140,8
DA:141,2
DA:147,6
DA:152,34
DA:153,34
DA:160,2
DA:161,0
DA:167,2
DA:172,32
DA:173,32
DA:174,32
DA:181,32
DA:182,32
DA:185,32
DA:187,10
DA:196,10
DA:197,8
DA:200,2
DA:201,1
DA:204,1
DA:213,12
DA:214,11
DA:217,1
DA:225,0
DA:247,6
DA:249,6
DA:250,6
DA:256,0
DA:263,6
DA:264,6
DA:266,6
DA:267,0
DA:270,6
DA:271,6
DA:273,2
DA:274,1
DA:276,2
DA:280,1
DA:282,2
DA:283,1
DA:285,0
DA:290,0
DA:293,3
DA:298,3
DA:306,6
DA:324,8
DA:325,8
DA:345,6
DA:347,6
DA:349,1
DA:350,1
DA:356,0
DA:364,5
DA:371,2
DA:372,2
DA:378,0
DA:399,23
DA:400,0
DA:409,23
DA:410,23
DA:421,21
DA:428,2
DA:444,59
DA:445,59
DA:447,59
DA:448,59
DA:449,236
DA:450,236
DA:451,59
DA:455,59
DA:456,29
DA:457,48
DA:458,48
DA:462,59
DA:472,42
DA:501,113
DA:502,113
DA:503,7
DA:506,113
DA:508,104
DA:509,104
DA:512,7
DA:513,7
DA:523,0
DA:531,2
LF:92
LH:82
BRDA:135,0,0,42
BRDA:135,0,1,0
BRDA:140,1,0,2
BRDA:140,1,1,6
BRDA:154,2,0,34
BRDA:154,2,1,0
BRDA:155,3,0,34
BRDA:155,3,1,0
BRDA:160,4,0,0
BRDA:160,4,1,2
BRDA:172,5,0,32
BRDA:172,5,1,0
BRDA:185,6,0,10
BRDA:185,6,1,10
BRDA:185,6,2,12
BRDA:185,6,3,0
BRDA:196,7,0,8
BRDA:196,7,1,2
BRDA:200,8,0,1
BRDA:200,8,1,1
BRDA:213,9,0,11
BRDA:213,9,1,1
BRDA:252,10,0,6
BRDA:252,10,1,0
BRDA:266,11,0,0
BRDA:266,11,1,6
BRDA:271,12,0,2
BRDA:271,12,1,2
BRDA:271,12,2,2
BRDA:271,12,3,0
BRDA:278,13,0,2
BRDA:278,13,1,0
BRDA:282,14,0,2
BRDA:282,14,1,0
BRDA:341,15,0,8
BRDA:341,15,1,0
BRDA:345,16,0,6
BRDA:345,16,1,0
BRDA:347,17,0,1
BRDA:347,17,1,5
BRDA:349,18,0,1
BRDA:349,18,1,0
BRDA:351,19,0,1
BRDA:351,19,1,1
BRDA:371,20,0,2
BRDA:371,20,1,0
BRDA:373,21,0,2
BRDA:373,21,1,2
BRDA:399,22,0,0
BRDA:399,22,1,23
BRDA:401,23,0,0
BRDA:401,23,1,0
BRDA:417,24,0,23
BRDA:417,24,1,0
BRDA:425,25,0,8
BRDA:425,25,1,13
BRDA:444,26,0,0
BRDA:444,26,1,59
BRDA:450,27,0,59
BRDA:450,27,1,177
BRDA:450,28,0,236
BRDA:450,28,1,59
BRDA:455,29,0,29
BRDA:455,29,1,30
BRDA:458,30,0,48
BRDA:458,30,1,0
BRDA:479,31,0,42
BRDA:479,31,1,0
BRF:68
BRH:46
end_of_record
TN:
SF:src\coverage-analyzer.ts
FN:102,analyzeCoverage
FN:196,detectAnticrawl
FN:199,(anonymous_2)
FN:209,countAxNodes
FN:223,countHiddenNodes
FN:246,estimateDomFromHtml
FN:256,detectSpaLoading
FN:258,(anonymous_7)
FN:267,isRobotInAntiCrawlContext
FN:279,(anonymous_9)
FN:294,detectTextContent
FN:308,(anonymous_11)
FN:317,recommendStrategy
FNF:13
FNH:13
FNDA:61,analyzeCoverage
FNDA:40,detectAnticrawl
FNDA:515,(anonymous_2)
FNDA:547,countAxNodes
FNDA:448,countHiddenNodes
FNDA:27,estimateDomFromHtml
FNDA:17,detectSpaLoading
FNDA:86,(anonymous_7)
FNDA:4,isRobotInAntiCrawlContext
FNDA:18,(anonymous_9)
FNDA:417,detectTextContent
FNDA:374,(anonymous_11)
FNDA:46,recommendStrategy
DA:32,3
DA:35,3
DA:41,3
DA:52,3
DA:80,3
DA:83,3
DA:102,3
DA:106,61
DA:109,61
DA:110,16
DA:121,45
DA:122,45
DA:131,45
DA:136,6
DA:149,39
DA:155,39
DA:156,39
DA:159,39
DA:164,39
DA:167,39
DA:173,39
DA:175,39
DA:197,40
DA:199,515
DA:200,40
DA:202,26
DA:203,24
DA:210,547
DA:211,540
DA:212,540
DA:213,64
DA:214,495
DA:217,540
DA:224,448
DA:225,442
DA:228,442
DA:232,442
DA:234,442
DA:235,56
DA:236,406
DA:240,442
DA:248,27
DA:249,27
DA:257,17
DA:258,86
DA:268,4
DA:270,4
DA:279,4
DA:280,18
DA:281,18
DA:283,2
DA:287,2
DA:295,417
DA:298,412
DA:299,412
DA:300,2347
DA:301,2347
DA:302,25
DA:307,387
DA:308,374
DA:311,341
DA:323,46
DA:324,6
DA:328,40
DA:330,15
DA:331,11
DA:334,4
DA:338,25
DA:339,2
DA:343,23
DA:344,13
DA:348,10
DA:349,0
DA:352,10
DA:360,3
DA:361,3
DA:362,3
DA:363,3
DA:364,3
DA:365,3
LF:80
LH:79
BRDA:109,0,0,16
BRDA:109,0,1,45
BRDA:109,1,0,61
BRDA:109,1,1,40
BRDA:122,2,0,45
BRDA:122,2,1,0
BRDA:131,3,0,6
BRDA:131,3,1,39
BRDA:132,4,0,45
BRDA:132,4,1,24
BRDA:132,4,2,17
BRDA:151,5,0,18
BRDA:151,5,1,21
BRDA:156,6,0,35
BRDA:156,6,1,4
BRDA:159,7,0,34
BRDA:159,7,1,5
BRDA:200,8,0,14
BRDA:200,8,1,26
BRDA:202,9,0,2
BRDA:202,9,1,24
BRDA:202,10,0,26
BRDA:202,10,1,4
BRDA:210,11,0,7
BRDA:210,11,1,540
BRDA:210,12,0,547
BRDA:210,12,1,541
BRDA:212,13,0,64
BRDA:212,13,1,476
BRDA:224,14,0,6
BRDA:224,14,1,442
BRDA:228,15,0,442
BRDA:228,15,1,428
BRDA:228,15,2,428
BRDA:232,16,0,14
BRDA:232,16,1,428
BRDA:234,17,0,56
BRDA:234,17,1,386
BRDA:249,18,0,26
BRDA:249,18,1,1
BRDA:281,19,0,16
BRDA:281,19,1,2
BRDA:295,20,0,5
BRDA:295,20,1,412
BRDA:301,21,0,25
BRDA:301,21,1,2322
BRDA:301,22,0,2347
BRDA:301,22,1,413
BRDA:307,23,0,46
BRDA:307,23,1,341
BRDA:323,24,0,6
BRDA:323,24,1,40
BRDA:323,25,0,46
BRDA:323,25,1,6
BRDA:328,26,0,15
BRDA:328,26,1,25
BRDA:330,27,0,11
BRDA:330,27,1,4
BRDA:338,28,0,2
BRDA:338,28,1,23
BRDA:338,29,0,25
BRDA:338,29,1,4
BRDA:343,30,0,13
BRDA:343,30,1,10
BRDA:343,31,0,23
BRDA:343,31,1,23
BRDA:348,32,0,0
BRDA:348,32,1,10
BRF:68
BRH:66
end_of_record
TN:
SF:src\types.ts
FN:15,createCausationId
FN:34,createDefaultContext
FNF:2
FNH:2
FNDA:48,createCausationId
FNDA:48,createDefaultContext
DA:16,48
DA:34,2
DA:35,48
DA:42,48
DA:44,1
DA:46,46
DA:48,1
DA:62,2
LF:8
LH:8
BRDA:42,0,0,1
BRDA:42,0,1,46
BRDA:42,0,2,1
BRF:3
BRH:3
end_of_record
TN:
SF:src\__tests__\helpers\mockToolRunner.ts
FN:136,createMockRunner
FN:155,delay
FN:158,(anonymous_2)
FN:166,getEffectiveDelay
FN:175,outcome
FN:183,(anonymous_5)
FN:187,(anonymous_6)
FN:193,outcomeWithDelay
FN:203,(anonymous_8)
FN:214,(anonymous_9)
FN:226,(anonymous_10)
FN:232,(anonymous_11)
FN:234,(anonymous_12)
FN:237,(anonymous_13)
FN:247,(anonymous_14)
FN:257,(anonymous_15)
FN:268,(anonymous_16)
FN:279,(anonymous_17)
FN:301,makeSnapshotWithNodeCount
FN:331,makeSnapshotWithHidden
FN:366,makeSnapshotWithText
FN:369,(anonymous_21)
FN:409,makeHtmlWithTagCount
FN:421,makeAntiCrawlHtml
FN:432,makeSpaLoadingHtml
FNF:25
FNH:24
FNDA:47,createMockRunner
FNDA:146,delay
FNDA:7,(anonymous_2)
FNDA:146,getEffectiveDelay
FNDA:114,outcome
FNDA:7,(anonymous_5)
FNDA:105,(anonymous_6)
FNDA:114,outcomeWithDelay
FNDA:48,(anonymous_8)
FNDA:34,(anonymous_9)
FNDA:32,(anonymous_10)
FNDA:1,(anonymous_11)
FNDA:31,(anonymous_12)
FNDA:9,(anonymous_13)
FNDA:23,(anonymous_14)
FNDA:2,(anonymous_15)
FNDA:2,(anonymous_16)
FNDA:2,(anonymous_17)
FNDA:11,makeSnapshotWithNodeCount
FNDA:1,makeSnapshotWithHidden
FNDA:9,makeSnapshotWithText
FNDA:9,(anonymous_21)
FNDA:8,makeHtmlWithTagCount
FNDA:7,makeAntiCrawlHtml
FNDA:0,makeSpaLoadingHtml
DA:71,3
DA:103,3
DA:112,3
DA:136,3
DA:139,47
DA:150,47
DA:156,146
DA:158,7
DA:160,139
DA:169,146
DA:181,114
DA:182,7
DA:183,7
DA:184,7
DA:187,107
DA:199,114
DA:202,47
DA:204,48
DA:205,48
DA:206,48
DA:215,34
DA:217,34
DA:218,34
DA:227,32
DA:228,32
DA:229,1
DA:232,1
DA:234,31
DA:238,9
DA:239,9
DA:248,23
DA:249,23
DA:258,2
DA:259,2
DA:260,1
DA:263,1
DA:265,1
DA:269,2
DA:270,2
DA:271,1
DA:274,1
DA:276,1
DA:280,2
DA:281,2
DA:282,1
DA:285,1
DA:287,1
DA:291,47
DA:301,3
DA:305,11
DA:306,11
DA:307,313
DA:313,11
DA:331,3
DA:335,1
DA:337,1
DA:338,6
DA:341,1
DA:342,3
DA:349,1
DA:366,3
DA:369,9
DA:374,9
DA:391,3
DA:399,3
DA:409,3
DA:410,8
DA:411,8
DA:412,1350
DA:414,8
DA:415,8
DA:421,3
DA:422,7
DA:432,3
DA:433,0
LF:75
LH:74
BRDA:137,0,0,0
BRDA:150,1,0,47
BRDA:150,1,1,8
BRDA:156,2,0,7
BRDA:156,2,1,139
BRDA:156,3,0,146
BRDA:156,3,1,7
BRDA:169,4,0,146
BRDA:169,4,1,139
BRDA:181,5,0,7
BRDA:181,5,1,107
BRDA:182,6,0,7
BRDA:182,6,1,0
BRDA:184,7,0,7
BRDA:184,7,1,0
BRDA:204,8,0,40
BRDA:204,8,1,8
BRDA:207,9,0,4
BRDA:207,9,1,44
BRDA:207,10,0,44
BRDA:207,10,1,44
BRDA:215,11,0,27
BRDA:215,11,1,7
BRDA:217,12,0,1
BRDA:217,12,1,33
BRDA:220,13,0,34
BRDA:220,13,1,10
BRDA:227,14,0,25
BRDA:227,14,1,7
BRDA:228,15,0,1
BRDA:228,15,1,31
BRDA:229,16,0,1
BRDA:229,16,1,0
BRDA:234,17,0,31
BRDA:234,17,1,10
BRDA:238,18,0,7
BRDA:238,18,1,2
BRDA:240,19,0,1
BRDA:240,19,1,8
BRDA:241,20,0,9
BRDA:241,20,1,6
BRDA:248,21,0,20
BRDA:248,21,1,3
BRDA:250,22,0,1
BRDA:250,22,1,22
BRDA:251,23,0,23
BRDA:251,23,1,23
BRDA:258,24,0,2
BRDA:258,24,1,0
BRDA:259,25,0,1
BRDA:259,25,1,1
BRDA:260,26,0,1
BRDA:260,26,1,0
BRDA:269,27,0,2
BRDA:269,27,1,0
BRDA:270,28,0,1
BRDA:270,28,1,1
BRDA:271,29,0,1
BRDA:271,29,1,0
BRDA:280,30,0,2
BRDA:280,30,1,0
BRDA:281,31,0,1
BRDA:281,31,1,1
BRDA:282,32,0,1
BRDA:282,32,1,0
BRDA:309,33,0,159
BRDA:309,33,1,154
BRDA:317,34,0,10
BRDA:317,34,1,1
BRDA:371,35,0,9
BRDA:371,35,1,0
BRF:71
BRH:60
end_of_record
