TN:
SF:src\adapter.ts
FN:96,(anonymous_0)
FN:124,(anonymous_1)
FN:242,(anonymous_2)
FN:256,(anonymous_3)
FN:319,(anonymous_4)
FN:392,(anonymous_5)
FN:443,(anonymous_6)
FN:468,(anonymous_7)
FN:496,(anonymous_8)
FN:501,(anonymous_9)
FN:502,(anonymous_10)
FN:507,(anonymous_11)
FN:511,(anonymous_12)
FN:522,(anonymous_13)
FN:523,(anonymous_14)
FNF:15
FNH:12
FNDA:40,(anonymous_0)
FNDA:35,(anonymous_1)
FNDA:6,(anonymous_2)
FNDA:0,(anonymous_3)
FNDA:6,(anonymous_4)
FNDA:20,(anonymous_5)
FNDA:46,(anonymous_6)
FNDA:35,(anonymous_7)
FNDA:94,(anonymous_8)
FNDA:94,(anonymous_9)
FNDA:7,(anonymous_10)
FNDA:85,(anonymous_11)
FNDA:7,(anonymous_12)
FNDA:0,(anonymous_13)
FNDA:0,(anonymous_14)
DA:44,1
DA:93,1
DA:97,40
DA:128,35
DA:129,35
DA:132,35
DA:133,35
DA:140,8
DA:141,2
DA:147,6
DA:152,27
DA:153,27
DA:160,2
DA:161,0
DA:167,2
DA:172,25
DA:173,25
DA:174,25
DA:181,25
DA:182,25
DA:185,25
DA:187,8
DA:196,8
DA:197,6
DA:200,2
DA:201,1
DA:204,1
DA:213,9
DA:214,8
DA:217,1
DA:225,0
DA:247,6
DA:249,6
DA:250,6
DA:256,0
DA:263,6
DA:264,6
DA:266,6
DA:267,0
DA:270,6
DA:271,6
DA:273,2
DA:274,1
DA:276,2
DA:280,1
DA:282,2
DA:283,1
DA:285,0
DA:290,0
DA:293,3
DA:298,3
DA:306,6
DA:324,6
DA:325,6
DA:345,4
DA:347,4
DA:349,1
DA:350,1
DA:356,0
DA:364,3
DA:371,2
DA:372,2
DA:378,0
DA:399,20
DA:400,0
DA:409,20
DA:410,20
DA:421,18
DA:428,2
DA:444,46
DA:445,46
DA:447,46
DA:448,46
DA:449,184
DA:450,184
DA:451,46
DA:455,46
DA:456,23
DA:457,37
DA:458,37
DA:462,46
DA:472,35
DA:501,94
DA:502,94
DA:503,7
DA:506,94
DA:508,85
DA:509,85
DA:512,7
DA:513,7
DA:523,0
DA:531,1
LF:92
LH:82
BRDA:135,0,0,35
BRDA:135,0,1,0
BRDA:140,1,0,2
BRDA:154,2,0,27
BRDA:154,2,1,0
BRDA:155,3,0,27
BRDA:155,3,1,0
BRDA:160,4,0,0
BRDA:172,5,0,25
BRDA:185,6,0,8
BRDA:185,6,1,8
BRDA:185,6,2,9
BRDA:185,6,3,0
BRDA:196,7,0,6
BRDA:200,8,0,1
BRDA:213,9,0,8
BRDA:252,10,0,6
BRDA:252,10,1,0
BRDA:266,11,0,0
BRDA:271,12,0,2
BRDA:271,12,1,2
BRDA:271,12,2,2
BRDA:271,12,3,0
BRDA:278,13,0,2
BRDA:278,13,1,0
BRDA:282,14,0,2
BRDA:282,14,1,0
BRDA:341,15,0,6
BRDA:341,15,1,0
BRDA:345,16,0,4
BRDA:345,16,1,0
BRDA:347,17,0,1
BRDA:349,18,0,1
BRDA:351,19,0,1
BRDA:351,19,1,1
BRDA:371,20,0,2
BRDA:373,21,0,2
BRDA:373,21,1,2
BRDA:399,22,0,0
BRDA:401,23,0,0
BRDA:401,23,1,0
BRDA:417,24,0,20
BRDA:417,24,1,0
BRDA:425,25,0,8
BRDA:425,25,1,10
BRDA:444,26,0,0
BRDA:450,27,0,46
BRDA:450,28,0,184
BRDA:450,28,1,46
BRDA:455,29,0,23
BRDA:458,30,0,37
BRDA:479,31,0,35
BRDA:479,31,1,0
BRF:53
BRH:35
end_of_record
TN:
SF:src\coverage-analyzer.ts
FN:102,analyzeCoverage
FN:196,detectAnticrawl
FN:199,(anonymous_2)
FN:209,countAxNodes
FN:223,countHiddenNodes
FN:246,estimateDomFromHtml
FN:256,detectSpaLoading
FN:258,(anonymous_7)
FN:267,isRobotInAntiCrawlContext
FN:279,(anonymous_9)
FN:294,detectTextContent
FN:308,(anonymous_11)
FN:317,recommendStrategy
FNF:13
FNH:13
FNDA:54,analyzeCoverage
FNDA:35,detectAnticrawl
FNDA:430,(anonymous_2)
FNDA:525,countAxNodes
FNDA:430,countHiddenNodes
FNDA:22,estimateDomFromHtml
FNDA:12,detectSpaLoading
FNDA:69,(anonymous_7)
FNDA:4,isRobotInAntiCrawlContext
FNDA:18,(anonymous_9)
FNDA:404,detectTextContent
FNDA:365,(anonymous_11)
FNDA:42,recommendStrategy
DA:32,2
DA:35,2
DA:41,2
DA:52,2
DA:80,2
DA:83,2
DA:102,2
DA:106,54
DA:109,54
DA:110,16
DA:121,38
DA:122,38
DA:131,38
DA:136,3
DA:149,35
DA:155,35
DA:156,35
DA:159,35
DA:164,35
DA:167,35
DA:173,35
DA:175,35
DA:197,35
DA:199,430
DA:200,35
DA:202,21
DA:203,19
DA:210,525
DA:211,518
DA:212,518
DA:213,55
DA:214,480
DA:217,518
DA:224,430
DA:225,424
DA:228,424
DA:232,424
DA:234,424
DA:235,48
DA:236,392
DA:240,424
DA:248,22
DA:249,22
DA:257,12
DA:258,69
DA:268,4
DA:270,4
DA:279,4
DA:280,18
DA:281,18
DA:283,2
DA:287,2
DA:295,404
DA:298,399
DA:299,399
DA:300,2289
DA:301,2289
DA:302,21
DA:307,378
DA:308,365
DA:311,338
DA:323,42
DA:324,6
DA:328,36
DA:330,13
DA:331,9
DA:334,4
DA:338,23
DA:339,2
DA:343,21
DA:344,11
DA:348,10
DA:349,0
DA:352,10
DA:360,2
DA:361,2
DA:362,2
DA:363,2
DA:364,2
DA:365,2
LF:80
LH:79
BRDA:109,0,0,16
BRDA:109,1,0,54
BRDA:109,1,1,35
BRDA:122,2,0,38
BRDA:122,2,1,0
BRDA:131,3,0,3
BRDA:132,4,0,38
BRDA:132,4,1,19
BRDA:132,4,2,12
BRDA:151,5,0,16
BRDA:151,5,1,19
BRDA:156,6,0,31
BRDA:156,6,1,4
BRDA:159,7,0,30
BRDA:159,7,1,5
BRDA:200,8,0,14
BRDA:202,9,0,2
BRDA:202,10,0,21
BRDA:202,10,1,4
BRDA:210,11,0,7
BRDA:210,12,0,525
BRDA:210,12,1,519
BRDA:212,13,0,55
BRDA:224,14,0,6
BRDA:228,15,0,424
BRDA:228,15,1,410
BRDA:228,15,2,410
BRDA:232,16,0,14
BRDA:234,17,0,48
BRDA:249,18,0,21
BRDA:249,18,1,1
BRDA:281,19,0,16
BRDA:295,20,0,5
BRDA:301,21,0,21
BRDA:301,22,0,2289
BRDA:301,22,1,400
BRDA:307,23,0,40
BRDA:323,24,0,6
BRDA:323,25,0,42
BRDA:323,25,1,6
BRDA:328,26,0,13
BRDA:330,27,0,9
BRDA:338,28,0,2
BRDA:338,29,0,23
BRDA:338,29,1,4
BRDA:343,30,0,11
BRDA:343,31,0,21
BRDA:343,31,1,21
BRDA:348,32,0,0
BRF:49
BRH:47
end_of_record
TN:
SF:src\types.ts
FN:15,createCausationId
FN:34,createDefaultContext
FNF:2
FNH:2
FNDA:41,createCausationId
FNDA:41,createDefaultContext
DA:16,41
DA:34,1
DA:35,41
DA:42,41
DA:44,1
DA:46,39
DA:48,1
DA:62,1
LF:8
LH:8
BRDA:42,0,0,1
BRDA:42,0,1,39
BRDA:42,0,2,1
BRF:3
BRH:3
end_of_record
TN:
SF:src\__tests__\helpers\mockToolRunner.ts
FN:136,createMockRunner
FN:155,delay
FN:158,(anonymous_2)
FN:166,getEffectiveDelay
FN:175,outcome
FN:183,(anonymous_5)
FN:187,(anonymous_6)
FN:193,outcomeWithDelay
FN:203,(anonymous_8)
FN:214,(anonymous_9)
FN:226,(anonymous_10)
FN:232,(anonymous_11)
FN:234,(anonymous_12)
FN:237,(anonymous_13)
FN:247,(anonymous_14)
FN:257,(anonymous_15)
FN:268,(anonymous_16)
FN:279,(anonymous_17)
FN:301,makeSnapshotWithNodeCount
FN:331,makeSnapshotWithHidden
FN:366,makeSnapshotWithText
FN:369,(anonymous_21)
FN:409,makeHtmlWithTagCount
FN:421,makeAntiCrawlHtml
FN:432,makeSpaLoadingHtml
FNF:25
FNH:24
FNDA:40,createMockRunner
FNDA:120,delay
FNDA:7,(anonymous_2)
FNDA:120,getEffectiveDelay
FNDA:95,outcome
FNDA:7,(anonymous_5)
FNDA:86,(anonymous_6)
FNDA:95,outcomeWithDelay
FNDA:41,(anonymous_8)
FNDA:27,(anonymous_9)
FNDA:25,(anonymous_10)
FNDA:1,(anonymous_11)
FNDA:24,(anonymous_12)
FNDA:7,(anonymous_13)
FNDA:20,(anonymous_14)
FNDA:2,(anonymous_15)
FNDA:2,(anonymous_16)
FNDA:2,(anonymous_17)
FNDA:11,makeSnapshotWithNodeCount
FNDA:1,makeSnapshotWithHidden
FNDA:9,makeSnapshotWithText
FNDA:9,(anonymous_21)
FNDA:8,makeHtmlWithTagCount
FNDA:7,makeAntiCrawlHtml
FNDA:0,makeSpaLoadingHtml
DA:71,2
DA:103,2
DA:112,2
DA:136,2
DA:139,40
DA:150,40
DA:156,120
DA:158,7
DA:160,113
DA:169,120
DA:181,95
DA:182,7
DA:183,7
DA:184,7
DA:187,88
DA:199,95
DA:202,40
DA:204,41
DA:205,41
DA:206,41
DA:215,27
DA:217,27
DA:218,27
DA:227,25
DA:228,25
DA:229,1
DA:232,1
DA:234,24
DA:238,7
DA:239,7
DA:248,20
DA:249,20
DA:258,2
DA:259,2
DA:260,1
DA:263,1
DA:265,1
DA:269,2
DA:270,2
DA:271,1
DA:274,1
DA:276,1
DA:280,2
DA:281,2
DA:282,1
DA:285,1
DA:287,1
DA:291,40
DA:301,2
DA:305,11
DA:306,11
DA:307,313
DA:313,11
DA:331,2
DA:335,1
DA:337,1
DA:338,6
DA:341,1
DA:342,3
DA:349,1
DA:366,2
DA:369,9
DA:374,9
DA:391,2
DA:399,2
DA:409,2
DA:410,8
DA:411,8
DA:412,1350
DA:414,8
DA:415,8
DA:421,2
DA:422,7
DA:432,2
DA:433,0
LF:75
LH:74
BRDA:137,0,0,0
BRDA:150,1,0,40
BRDA:150,1,1,1
BRDA:156,2,0,7
BRDA:156,3,0,120
BRDA:156,3,1,7
BRDA:169,4,0,120
BRDA:169,4,1,113
BRDA:181,5,0,7
BRDA:182,6,0,7
BRDA:182,6,1,0
BRDA:184,7,0,7
BRDA:184,7,1,0
BRDA:204,8,0,40
BRDA:207,9,0,4
BRDA:207,9,1,37
BRDA:207,10,0,37
BRDA:207,10,1,37
BRDA:215,11,0,27
BRDA:217,12,0,1
BRDA:217,12,1,26
BRDA:220,13,0,27
BRDA:220,13,1,9
BRDA:227,14,0,25
BRDA:228,15,0,1
BRDA:229,16,0,1
BRDA:229,16,1,0
BRDA:234,17,0,24
BRDA:234,17,1,8
BRDA:238,18,0,7
BRDA:240,19,0,1
BRDA:240,19,1,6
BRDA:241,20,0,7
BRDA:241,20,1,5
BRDA:248,21,0,20
BRDA:250,22,0,1
BRDA:250,22,1,19
BRDA:251,23,0,20
BRDA:251,23,1,20
BRDA:258,24,0,2
BRDA:259,25,0,1
BRDA:260,26,0,1
BRDA:260,26,1,0
BRDA:269,27,0,2
BRDA:270,28,0,1
BRDA:271,29,0,1
BRDA:271,29,1,0
BRDA:280,30,0,2
BRDA:281,31,0,1
BRDA:282,32,0,1
BRDA:282,32,1,0
BRDA:309,33,0,159
BRDA:309,33,1,154
BRDA:317,34,0,10
BRDA:317,34,1,1
BRDA:371,35,0,9
BRDA:371,35,1,0
BRF:57
BRH:49
end_of_record
